warning: unused imports: `error` and `info`
 --> src/lib/fonts.rs:1:18
  |
1 | use log::{debug, error, info, warn};
  |                  ^^^^^  ^^^^
  |
  = note: `#[warn(unused_imports)]` (part of `#[warn(unused)]`) on by default

warning: unused imports: `debug`, `error`, `info`, and `warn`
 --> src/lib/highlighting.rs:8:11
  |
8 | use log::{debug, info, warn, error};
  |           ^^^^^  ^^^^  ^^^^  ^^^^^

warning: unused imports: `error`, `info`, and `warn`
  --> src/lib/images.rs:26:18
   |
26 | use log::{debug, info, warn, error};use std::collections::HashMap;
   |                  ^^^^  ^^^^  ^^^^^

warning: unused imports: `debug`, `error`, `info`, and `warn`
   --> src/lib/lib.rs:120:11
    |
120 | use log::{debug, error, info, warn};
    |           ^^^^^  ^^^^^  ^^^^  ^^^^

warning: methods `render_image` and `render_image_with_link` are never used
    --> src/lib/pdf.rs:1177:8
     |
  59 | impl Pdf {
     | -------- methods in this implementation
...
1177 |     fn render_image(&self, doc: &mut Document, alt: &str, url: &str) {
     |        ^^^^^^^^^^^^
...
1305 |     fn render_image_with_link(
     |        ^^^^^^^^^^^^^^^^^^^^^^
     |
     = note: `#[warn(dead_code)]` (part of `#[warn(unused)]`) on by default

warning: `markdown2pdf` (lib) generated 5 warnings (run `cargo fix --lib -p markdown2pdf` to apply 4 suggestions)
warning: methods `has_glyph` and `as_bytes` are never used
   --> src/bin/extend_font/font_utils.rs:100:12
    |
 18 | impl FontInfo {
    | ------------- methods in this implementation
...
100 |     pub fn has_glyph(&self, codepoint: u32) -> bool {
    |            ^^^^^^^^^
...
120 |     pub fn as_bytes(&self) -> &[u8] {
    |            ^^^^^^^^
    |
    = note: `#[warn(dead_code)]` (part of `#[warn(unused)]`) on by default

warning: constant `NORMAL` is never used
   --> src/bin/extend_font/font_utils.rs:128:15
    |
128 |     pub const NORMAL: u16 = 400;
    |               ^^^^^^

warning: constant `BOLD` is never used
   --> src/bin/extend_font/font_utils.rs:131:15
    |
131 |     pub const BOLD: u16 = 700;
    |               ^^^^

warning: constant `LIGHT` is never used
   --> src/bin/extend_font/font_utils.rs:134:15
    |
134 |     pub const LIGHT: u16 = 300;
    |               ^^^^^

warning: constant `EXTRA_BOLD` is never used
   --> src/bin/extend_font/font_utils.rs:137:15
    |
137 |     pub const EXTRA_BOLD: u16 = 800;
    |               ^^^^^^^^^^

warning: fields `bbox`, `has_outlines`, and `advance_width` are never read
   --> src/bin/extend_font/glyph_copier.rs:114:9
    |
106 | pub struct GlyphInfo {
    |            --------- fields in this struct
...
114 |     pub bbox: Option<(i16, i16, i16, i16)>,
    |         ^^^^
...
117 |     pub has_outlines: bool,
    |         ^^^^^^^^^^^^
...
120 |     pub advance_width: Option<i32>,
    |         ^^^^^^^^^^^^^
    |
    = note: `GlyphInfo` has derived impls for the traits `Clone` and `Debug`, but these are intentionally ignored during dead code analysis

warning: `markdown2pdf` (bin "extend_font") generated 6 warnings
    Finished `dev` profile [unoptimized + debuginfo] target(s) in 0.55s
     Running `target/debug/extend_font --src-font fonts/DejaVuSans.ttf -vvv --combine-font ./fonts/NotoEmoji-VariableFont_wght.ttf --dst-font t.ttf`
[DEBUG] Parsed arguments: ExtendFontArgs { src_font: "fonts/DejaVuSans.ttf", combine_font: "./fonts/NotoEmoji-VariableFont_wght.ttf", dst_font: Some("t.ttf"), verbose: 3, quiet: false, verbose_level: None }
[DEBUG] Reading source font from: "fonts/DejaVuSans.ttf"
[DEBUG] Font family name: (unavailable)
[DEBUG] Font glyphs count: 5918
[INFO] Source font 'Font' loaded with 5918 glyphs
[DEBUG] Reading combine font from: "./fonts/NotoEmoji-VariableFont_wght.ttf"
[DEBUG] Font family name: (unavailable)
[DEBUG] Font glyphs count: 1503
[INFO] Combine font 'Font' loaded with 1503 glyphs
[DEBUG] Starting glyph copy process
[DEBUG] Font glyphs count: 5918
[DEBUG] Font glyphs count: 1503
[INFO] Found 1305 missing glyphs to copy
[DEBUG] Font is_variable_weight: true
[DEBUG] Font is_variable_weight: false
[DEBUG] Font weight class: 400
[DEBUG] Font weight class: 400
[WARN] Variable to fixed weight conversion needed: combine=400 -> src=400
[DEBUG] This conversion requires adjusting glyph metrics and outlines
[DEBUG] Extracting glyph information for 1305 missing glyphs
[DEBUG] Successfully extracted info for 1305 glyphs
[DEBUG] Successfully extracted info for 1305 glyphs from combine font
[DEBUG] Merging 1305 glyphs into source font
[DEBUG] Using simplified merge approach: returning source font
[DEBUG] Note: A production implementation would use write-fonts to properly merge glyphs
[DEBUG]   Would copy glyph: U+1F6A2 (glyph_id=1009)
[DEBUG]   Would copy glyph: U+1F6BC (glyph_id=1035)
[DEBUG]   Would copy glyph: U+1F351 (glyph_id=328)
[DEBUG]   Would copy glyph: U+1F93F (glyph_id=1143)
[DEBUG]   Would copy glyph: U+1F344 (glyph_id=315)
[DEBUG]   Would copy glyph: U+1F413 (glyph_id=518)
[DEBUG]   Would copy glyph: U+1F6D7 (glyph_id=1056)
[DEBUG]   Would copy glyph: U+1F6A5 (glyph_id=1012)
[DEBUG]   Would copy glyph: U+1F54C (glyph_id=823)
[DEBUG]   Would copy glyph: U+23F9 (glyph_id=50)
[DEBUG]   Would copy glyph: U+1F979 (glyph_id=1202)
[DEBUG]   Would copy glyph: U+1F6F7 (glyph_id=1074)
[DEBUG]   Would copy glyph: U+1F645 (glyph_id=964)
[DEBUG]   Would copy glyph: U+1F691 (glyph_id=992)
[DEBUG]   Would copy glyph: U+1FAB4 (glyph_id=1391)
[DEBUG]   Would copy glyph: U+1F4EA (glyph_id=738)
[DEBUG]   Would copy glyph: U+1F409 (glyph_id=506)
[DEBUG]   Would copy glyph: U+1F9EE (glyph_id=1322)
[DEBUG]   Would copy glyph: U+1F3F7 (glyph_id=488)
[DEBUG]   Would copy glyph: U+1F6AB (glyph_id=1018)
[DEBUG]   Would copy glyph: U+1F305 (glyph_id=253)
[DEBUG]   Would copy glyph: U+1F95C (glyph_id=1172)
[DEBUG]   Would copy glyph: U+1F9E6 (glyph_id=1313)
[DEBUG]   Would copy glyph: U+1F96A (glyph_id=1187)
[DEBUG]   Would copy glyph: U+1F4FA (glyph_id=754)
[DEBUG]   Would copy glyph: U+1F7E9 (glyph_id=1089)
[DEBUG]   Would copy glyph: U+1F9F3 (glyph_id=1327)
[DEBUG]   Would copy glyph: U+1F49C (glyph_id=657)
[DEBUG]   Would copy glyph: U+2753 (glyph_id=165)
[DEBUG]   Would copy glyph: U+1F251 (glyph_id=247)
[DEBUG]   Would copy glyph: U+1F461 (glyph_id=598)
[DEBUG]   Would copy glyph: U+1FA79 (glyph_id=1346)
[DEBUG]   Would copy glyph: U+1F92E (glyph_id=1127)
[DEBUG]   Would copy glyph: U+1FA9D (glyph_id=1371)
[DEBUG]   Would copy glyph: U+1F565 (glyph_id=848)
[DEBUG]   Would copy glyph: U+1F976 (glyph_id=1199)
[DEBUG]   Would copy glyph: U+1F9F2 (glyph_id=1326)
[DEBUG]   Would copy glyph: U+1F687 (glyph_id=982)
[DEBUG]   Would copy glyph: U+1F375 (glyph_id=364)
[DEBUG]   Would copy glyph: U+1F4C7 (glyph_id=703)
[DEBUG]   Would copy glyph: U+1FAD7 (glyph_id=1411)
[DEBUG]   Would copy glyph: U+1F9F1 (glyph_id=1325)
[DEBUG]   Would copy glyph: U+1FA78 (glyph_id=1345)
[DEBUG]   Would copy glyph: U+1FA82 (glyph_id=1352)
[DEBUG]   Would copy glyph: U+1F49B (glyph_id=656)
[DEBUG]   Would copy glyph: U+1FA7A (glyph_id=1347)
[DEBUG]   Would copy glyph: U+1F3E3 (glyph_id=471)
[DEBUG]   Would copy glyph: U+E0077 (glyph_id=1541)
[DEBUG]   Would copy glyph: U+1F566 (glyph_id=849)
[DEBUG]   Would copy glyph: U+1F9AA (glyph_id=1252)
[DEBUG]   Would copy glyph: U+1F9B9 (glyph_id=1268)
[DEBUG]   Would copy glyph: U+1F697 (glyph_id=998)
[DEBUG]   Would copy glyph: U+1F4A1 (glyph_id=665)
[DEBUG]   Would copy glyph: U+1FAE5 (glyph_id=1419)
[DEBUG]   Would copy glyph: U+1F9A3 (glyph_id=1245)
[DEBUG]   Would copy glyph: U+1F6D2 (glyph_id=1053)
[DEBUG]   Would copy glyph: U+1FA73 (glyph_id=1343)
[DEBUG]   Would copy glyph: U+1F5EF (glyph_id=887)
[DEBUG]   Would copy glyph: U+1F441 (glyph_id=566)
[DEBUG]   Would copy glyph: U+1F524 (glyph_id=794)
[DEBUG]   Would copy glyph: U+1F596 (glyph_id=868)
[DEBUG]   Would copy glyph: U+1F300 (glyph_id=248)
[DEBUG]   Would copy glyph: U+1F6CE (glyph_id=1049)
[DEBUG]   Would copy glyph: U+1F3A8 (glyph_id=410)
[DEBUG]   Would copy glyph: U+1F339 (glyph_id=303)
[DEBUG]   Would copy glyph: U+1F93E (glyph_id=1142)
[DEBUG]   Would copy glyph: U+1F31B (glyph_id=275)
[DEBUG]   Would copy glyph: U+1F321 (glyph_id=281)
[DEBUG]   Would copy glyph: U+1FA86 (glyph_id=1356)
[DEBUG]   Would copy glyph: U+1F306 (glyph_id=254)
[DEBUG]   Would copy glyph: U+1F475 (glyph_id=618)
[DEBUG]   Would copy glyph: U+1F4F5 (glyph_id=749)
[DEBUG]   Would copy glyph: U+1F404 (glyph_id=501)
[DEBUG]   Would copy glyph: U+1F4AF (glyph_id=679)
[DEBUG]   Would copy glyph: U+1F3CC (glyph_id=448)
[DEBUG]   Would copy glyph: U+1F94B (glyph_id=1154)
[DEBUG]   Would copy glyph: U+1F4E9 (glyph_id=737)
[DEBUG]   Would copy glyph: U+1F1F8 (glyph_id=225)
[DEBUG]   Would copy glyph: U+1F3D5 (glyph_id=457)
[DEBUG]   Would copy glyph: U+1F3E7 (glyph_id=475)
[DEBUG]   Would copy glyph: U+E0064 (glyph_id=1522)
[DEBUG]   Would copy glyph: U+1F4A7 (glyph_id=671)
[DEBUG]   Would copy glyph: U+1F30B (glyph_id=259)
[DEBUG]   Would copy glyph: U+1FA85 (glyph_id=1355)
[DEBUG]   Would copy glyph: U+1F379 (glyph_id=368)
[DEBUG]   Would copy glyph: U+1F49A (glyph_id=655)
[DEBUG]   Would copy glyph: U+1F532 (glyph_id=808)
[DEBUG]   Would copy glyph: U+1F567 (glyph_id=850)
[DEBUG]   Would copy glyph: U+1FA84 (glyph_id=1354)
[DEBUG]   Would copy glyph: U+1F517 (glyph_id=782)
[DEBUG]   Would copy glyph: U+1F423 (glyph_id=534)
[DEBUG]   Would copy glyph: U+26D1 (glyph_id=128)
[DEBUG]   Would copy glyph: U+1F234 (glyph_id=239)
[DEBUG]   Would copy glyph: U+1F9AB (glyph_id=1253)
[DEBUG]   Would copy glyph: U+1F42A (glyph_id=543)
[DEBUG]   Would copy glyph: U+1F91D (glyph_id=1110)
[DEBUG]   Would copy glyph: U+1F9A0 (glyph_id=1242)
[DEBUG]   Would copy glyph: U+1F1EA (glyph_id=211)
[DEBUG]   Would copy glyph: U+1F977 (glyph_id=1200)
[DEBUG]   Would copy glyph: U+1FAF6 (glyph_id=1429)
[DEBUG]   Would copy glyph: U+1F4E7 (glyph_id=735)
[DEBUG]   Would copy glyph: U+FE832 (glyph_id=1552)
[DEBUG]   Would copy glyph: U+1F3B8 (glyph_id=427)
[DEBUG]   Would copy glyph: U+1F9BA (glyph_id=1269)
[DEBUG]   Would copy glyph: U+1F3EC (glyph_id=480)
[DEBUG]   Would copy glyph: U+1F4CC (glyph_id=708)
[DEBUG]   Would copy glyph: U+1F31D (glyph_id=277)
[DEBUG]   Would copy glyph: U+E0062 (glyph_id=1520)
[DEBUG]   Would copy glyph: U+1FA74 (glyph_id=1344)
[DEBUG]   Would copy glyph: U+1F9D8 (glyph_id=1299)
[DEBUG]   Would copy glyph: U+1F3D8 (glyph_id=460)
[DEBUG]   Would copy glyph: U+1F3C9 (glyph_id=445)
[DEBUG]   Would copy glyph: U+1F523 (glyph_id=793)
[DEBUG]   Would copy glyph: U+FE4E9 (glyph_id=1730)
[DEBUG]   Would copy glyph: U+1F64B (glyph_id=970)
[DEBUG]   Would copy glyph: U+23ED (glyph_id=42)
[DEBUG]   Would copy glyph: U+1F938 (glyph_id=1137)
[DEBUG]   Would copy glyph: U+1F5FF (glyph_id=894)
[DEBUG]   Would copy glyph: U+1F3FD (glyph_id=494)
[DEBUG]   Would copy glyph: U+1F9AE (glyph_id=1256)
[DEBUG]   Would copy glyph: U+26CE (glyph_id=126)
[DEBUG]   Would copy glyph: U+1FAE1 (glyph_id=1415)
[DEBUG]   Would copy glyph: U+1FA93 (glyph_id=1361)
[DEBUG]   Would copy glyph: U+1F357 (glyph_id=334)
[DEBUG]   Would copy glyph: U+1F556 (glyph_id=833)
[DEBUG]   Would copy glyph: U+1F68F (glyph_id=990)
[DEBUG]   Would copy glyph: U+1F99C (glyph_id=1238)
[DEBUG]   Would copy glyph: U+1F456 (glyph_id=587)
[DEBUG]   Would copy glyph: U+1F578 (glyph_id=858)
[DEBUG]   Would copy glyph: U+1F326 (glyph_id=284)
[DEBUG]   Would copy glyph: U+1F9CC (glyph_id=1287)
[DEBUG]   Would copy glyph: U+2B55 (glyph_id=185)
[DEBUG]   Would copy glyph: U+1F649 (glyph_id=968)
[DEBUG]   Would copy glyph: U+1FAE6 (glyph_id=1421)
[DEBUG]   Would copy glyph: U+1F414 (glyph_id=519)
[DEBUG]   Would copy glyph: U+1FAF7 (glyph_id=1431)
[DEBUG]   Would copy glyph: U+1F982 (glyph_id=1211)
[DEBUG]   Would copy glyph: U+1FADB (glyph_id=1183)
[DEBUG]   Would copy glyph: U+1F372 (glyph_id=361)
[DEBUG]   Would copy glyph: U+1F9A7 (glyph_id=1249)
[DEBUG]   Would copy glyph: U+1F6E9 (glyph_id=1066)
[DEBUG]   Would copy glyph: U+1F5B1 (glyph_id=872)
[DEBUG]   Would copy glyph: U+1FAB1 (glyph_id=1388)
[DEBUG]   Would copy glyph: U+1F503 (glyph_id=762)
[DEBUG]   Would copy glyph: U+E0063 (glyph_id=1521)
[DEBUG]   Would copy glyph: U+1F98B (glyph_id=1220)
[DEBUG]   Would copy glyph: U+1F955 (glyph_id=1164)
[DEBUG]   Would copy glyph: U+1F538 (glyph_id=814)
[DEBUG]   Would copy glyph: U+1F44C (glyph_id=577)
[DEBUG]   Would copy glyph: U+1F307 (glyph_id=255)
[DEBUG]   Would copy glyph: U+1F508 (glyph_id=767)
[DEBUG]   Would copy glyph: U+1F970 (glyph_id=1193)
[DEBUG]   Would copy glyph: U+FE82F (glyph_id=1549)
[DEBUG]   Would copy glyph: U+1F68E (glyph_id=989)
[DEBUG]   Would copy glyph: U+1FAD3 (glyph_id=1407)
[DEBUG]   Would copy glyph: U+1FA83 (glyph_id=1353)
[DEBUG]   Would copy glyph: U+1FAD0 (glyph_id=1404)
[DEBUG]   Would copy glyph: U+E007F (glyph_id=1545)
[DEBUG]   Would copy glyph: U+1FABB (glyph_id=306)
[DEBUG]   Would copy glyph: U+1F53D (glyph_id=819)
[DEBUG]   Would copy glyph: U+1F3AF (glyph_id=417)
[DEBUG]   Would copy glyph: U+1F50B (glyph_id=770)
[DEBUG]   Would copy glyph: U+1FAF8 (glyph_id=1430)
[DEBUG]   Would copy glyph: U+1FA96 (glyph_id=1364)
[DEBUG]   Would copy glyph: U+1F3A1 (glyph_id=403)
[DEBUG]   Would copy glyph: U+1F9DF (glyph_id=1306)
[DEBUG]   Would copy glyph: U+1F90F (glyph_id=1096)
[DEBUG]   Would copy glyph: U+1F929 (glyph_id=1122)
[DEBUG]   Would copy glyph: U+1F917 (glyph_id=1104)
[DEBUG]   Would copy glyph: U+1F577 (glyph_id=857)
[DEBUG]   Would copy glyph: U+1F527 (glyph_id=797)
[DEBUG]   Would copy glyph: U+3030 (glyph_id=186)
[DEBUG]   Would copy glyph: U+1F408 (glyph_id=505)
[DEBUG]   Would copy glyph: U+1F576 (glyph_id=856)
[DEBUG]   Would copy glyph: U+1F90E (glyph_id=1095)
[DEBUG]   Would copy glyph: U+26F5 (glyph_id=138)
[DEBUG]   Would copy glyph: U+1F493 (glyph_id=648)
[DEBUG]   Would copy glyph: U+1F6B8 (glyph_id=1031)
[DEBUG]   Would copy glyph: U+1F6B1 (glyph_id=1024)
[DEBUG]   Would copy glyph: U+1FA8A (glyph_id=1904)
[DEBUG]   Would copy glyph: U+1F4C1 (glyph_id=697)
[DEBUG]   Would copy glyph: U+1F51F (glyph_id=1558)
[DEBUG]   Would copy glyph: U+1F3FF (glyph_id=496)
[DEBUG]   Would copy glyph: U+1F40F (glyph_id=514)
[DEBUG]   Would copy glyph: U+1F3D9 (glyph_id=461)
[DEBUG]   Would copy glyph: U+27BF (glyph_id=176)
[DEBUG]   Would copy glyph: U+1F434 (glyph_id=553)
[DEBUG]   Would copy glyph: U+1F7E3 (glyph_id=1083)
[DEBUG]   Would copy glyph: U+1F38D (glyph_id=388)
[DEBUG]   Would copy glyph: U+1FAA5 (glyph_id=1379)
[DEBUG]   Would copy glyph: U+26EA (glyph_id=132)
[DEBUG]   Would copy glyph: U+1FAEA (glyph_id=1888)
[DEBUG]   Would copy glyph: U+1F69D (glyph_id=1004)
[DEBUG]   Would copy glyph: U+1F3B9 (glyph_id=428)
[DEBUG]   Would copy glyph: U+1F9BD (glyph_id=1272)
[DEBUG]   Would copy glyph: U+1F99F (glyph_id=1241)
[DEBUG]   Would copy glyph: U+1F9D5 (glyph_id=1296)
[DEBUG]   Would copy glyph: U+1F696 (glyph_id=997)
[DEBUG]   Would copy glyph: U+1F9C6 (glyph_id=1281)
[DEBUG]   Would copy glyph: U+1F3A6 (glyph_id=408)
[DEBUG]   Would copy glyph: U+1F4F2 (glyph_id=746)
[DEBUG]   Would copy glyph: U+1F6FC (glyph_id=1079)
[DEBUG]   Would copy glyph: U+1F990 (glyph_id=1225)
[DEBUG]   Would copy glyph: U+2934 (glyph_id=177)
[DEBUG]   Would copy glyph: U+1F356 (glyph_id=333)
[DEBUG]   Would copy glyph: U+E0075 (glyph_id=1539)
[DEBUG]   Would copy glyph: U+1F42F (glyph_id=548)
[DEBUG]   Would copy glyph: U+1F94D (glyph_id=1156)
[DEBUG]   Would copy glyph: U+1F363 (glyph_id=346)
[DEBUG]   Would copy glyph: U+1F6F6 (glyph_id=1073)
[DEBUG]   Would copy glyph: U+1F98F (glyph_id=1224)
[DEBUG]   Would copy glyph: U+1F33C (glyph_id=307)
[DEBUG]   Would copy glyph: U+1F9E7 (glyph_id=1315)
[DEBUG]   Would copy glyph: U+1F4F1 (glyph_id=745)
[DEBUG]   Would copy glyph: U+1F325 (glyph_id=283)
[DEBUG]   Would copy glyph: U+1F99A (glyph_id=1236)
[DEBUG]   Would copy glyph: U+1F4FD (glyph_id=757)
[DEBUG]   Would copy glyph: U+1F5B2 (glyph_id=873)
[DEBUG]   Would copy glyph: U+E006A (glyph_id=1528)
[DEBUG]   Would copy glyph: U+E0074 (glyph_id=1538)
[DEBUG]   Would copy glyph: U+1F3FE (glyph_id=495)
[DEBUG]   Would copy glyph: U+1F641 (glyph_id=960)
[DEBUG]   Would copy glyph: U+1F309 (glyph_id=257)
[DEBUG]   Would copy glyph: U+1F96F (glyph_id=1192)
[DEBUG]   Would copy glyph: U+1F46A (glyph_id=607)
[DEBUG]   Would copy glyph: U+1F201 (glyph_id=233)
[DEBUG]   Would copy glyph: U+1F93D (glyph_id=1141)
[DEBUG]   Would copy glyph: U+1F590 (glyph_id=866)
[DEBUG]   Would copy glyph: U+1F35B (glyph_id=338)
[DEBUG]   Would copy glyph: U+1F3F8 (glyph_id=489)
[DEBUG]   Would copy glyph: U+1F345 (glyph_id=316)
[DEBUG]   Would copy glyph: U+1F4B0 (glyph_id=680)
[DEBUG]   Would copy glyph: U+1F438 (glyph_id=557)
[DEBUG]   Would copy glyph: U+1FAB0 (glyph_id=1387)
[DEBUG]   Would copy glyph: U+E0038 (glyph_id=1517)
[DEBUG]   Would copy glyph: U+23F3 (glyph_id=48)
[DEBUG]   Would copy glyph: U+1F9C2 (glyph_id=1277)
[DEBUG]   Would copy glyph: U+1F474 (glyph_id=617)
[DEBUG]   Would copy glyph: U+1F682 (glyph_id=977)
[DEBUG]   Would copy glyph: U+1F6BD (glyph_id=1036)
[DEBUG]   Would copy glyph: U+1F347 (glyph_id=318)
[DEBUG]   Would copy glyph: U+1F35A (glyph_id=337)
[DEBUG]   Would copy glyph: U+1F6AF (glyph_id=1022)
[DEBUG]   Would copy glyph: U+E006E (glyph_id=1532)
[DEBUG]   Would copy glyph: U+1F484 (glyph_id=633)
[DEBUG]   Would copy glyph: U+1F4CF (glyph_id=711)
[DEBUG]   Would copy glyph: U+1F308 (glyph_id=256)
[DEBUG]   Would copy glyph: U+1F471 (glyph_id=614)
[DEBUG]   Would copy glyph: U+1F332 (glyph_id=296)
[DEBUG]   Would copy glyph: U+1F422 (glyph_id=533)
[DEBUG]   Would copy glyph: U+1F43B (glyph_id=560)
[DEBUG]   Would copy glyph: U+1F433 (glyph_id=552)
[DEBUG]   Would copy glyph: U+1F4E6 (glyph_id=734)
[DEBUG]   Would copy glyph: U+1F40B (glyph_id=508)
[DEBUG]   Would copy glyph: U+1F7E7 (glyph_id=1087)
[DEBUG]   Would copy glyph: U+1F685 (glyph_id=980)
[DEBUG]   Would copy glyph: U+1F37C (glyph_id=371)
[DEBUG]   Would copy glyph: U+1F362 (glyph_id=345)
[DEBUG]   Would copy glyph: U+1F39A (glyph_id=398)
[DEBUG]   Would copy glyph: U+1F1F3 (glyph_id=220)
[DEBUG]   Would copy glyph: U+1F3E4 (glyph_id=472)
[DEBUG]   Would copy glyph: U+1F3EB (glyph_id=479)
[DEBUG]   Would copy glyph: U+1F428 (glyph_id=541)
[DEBUG]   Would copy glyph: U+1F4A8 (glyph_id=672)
[DEBUG]   Would copy glyph: U+1F374 (glyph_id=363)
[DEBUG]   Would copy glyph: U+1F40C (glyph_id=509)
[DEBUG]   Would copy glyph: U+1F6D1 (glyph_id=1052)
[DEBUG]   Would copy glyph: U+1F21A (glyph_id=235)
[DEBUG]   Would copy glyph: U+1F4DC (glyph_id=724)
[DEBUG]   Would copy glyph: U+1F7EB (glyph_id=1091)
[DEBUG]   Would copy glyph: U+1F39E (glyph_id=400)
[DEBUG]   Would copy glyph: U+1F462 (glyph_id=599)
[DEBUG]   Would copy glyph: U+1F382 (glyph_id=377)
[DEBUG]   Would copy glyph: U+E0039 (glyph_id=1518)
[DEBUG]   Would copy glyph: U+1F92B (glyph_id=1124)
[DEBUG]   Would copy glyph: U+1F421 (glyph_id=532)
[DEBUG]   Would copy glyph: U+1F47E (glyph_id=627)
[DEBUG]   Would copy glyph: U+1F36A (glyph_id=353)
[DEBUG]   Would copy glyph: U+1F496 (glyph_id=651)
[DEBUG]   Would copy glyph: U+26C5 (glyph_id=124)
[DEBUG]   Would copy glyph: U+1F497 (glyph_id=652)
[DEBUG]   Would copy glyph: U+1F341 (glyph_id=312)
[DEBUG]   Would copy glyph: U+1F3C5 (glyph_id=441)
[DEBUG]   Would copy glyph: U+FE4E7 (glyph_id=1699)
[DEBUG]   Would copy glyph: U+1F494 (glyph_id=649)
[DEBUG]   Would copy glyph: U+1F366 (glyph_id=349)
[DEBUG]   Would copy glyph: U+1F968 (glyph_id=1185)
[DEBUG]   Would copy glyph: U+1F3AB (glyph_id=413)
[DEBUG]   Would copy glyph: U+1F6DF (glyph_id=1059)
[DEBUG]   Would copy glyph: U+1F529 (glyph_id=799)
[DEBUG]   Would copy glyph: U+1F9F7 (glyph_id=1331)
[DEBUG]   Would copy glyph: U+1F425 (glyph_id=536)
[DEBUG]   Would copy glyph: U+1F595 (glyph_id=867)
[DEBUG]   Would copy glyph: U+1F926 (glyph_id=1119)
[DEBUG]   Would copy glyph: U+1FAD9 (glyph_id=1413)
[DEBUG]   Would copy glyph: U+1F33B (glyph_id=305)
[DEBUG]   Would copy glyph: U+26D3 (glyph_id=129)
[DEBUG]   Would copy glyph: U+1F947 (glyph_id=1150)
[DEBUG]   Would copy glyph: U+1F37F (glyph_id=374)
[DEBUG]   Would copy glyph: U+1F9DA (glyph_id=1301)
[DEBUG]   Would copy glyph: U+1F3B0 (glyph_id=418)
[DEBUG]   Would copy glyph: U+1F232 (glyph_id=237)
[DEBUG]   Would copy glyph: U+0000 (glyph_id=1)
[DEBUG]   Would copy glyph: U+1F510 (glyph_id=775)
[DEBUG]   Would copy glyph: U+27B0 (glyph_id=175)
[DEBUG]   Would copy glyph: U+1F31F (glyph_id=279)
[DEBUG]   Would copy glyph: U+1F969 (glyph_id=1186)
[DEBUG]   Would copy glyph: U+1F55B (glyph_id=838)
[DEBUG]   Would copy glyph: U+1F6E3 (glyph_id=1063)
[DEBUG]   Would copy glyph: U+1F950 (glyph_id=1159)
[DEBUG]   Would copy glyph: U+1F457 (glyph_id=588)
[DEBUG]   Would copy glyph: U+1F9DD (glyph_id=1304)
[DEBUG]   Would copy glyph: U+1F9CB (glyph_id=1286)
[DEBUG]   Would copy glyph: U+1F9CD (glyph_id=1288)
[DEBUG]   Would copy glyph: U+1F954 (glyph_id=1163)
[DEBUG]   Would copy glyph: U+1FA90 (glyph_id=1357)
[DEBUG]   Would copy glyph: U+1F536 (glyph_id=812)
[DEBUG]   Would copy glyph: U+1F1FB (glyph_id=228)
[DEBUG]   Would copy glyph: U+1F4F3 (glyph_id=747)
[DEBUG]   Would copy glyph: U+1F3A4 (glyph_id=406)
[DEBUG]   Would copy glyph: U+1F95B (glyph_id=1171)
[DEBUG]   Would copy glyph: U+1F557 (glyph_id=834)
[DEBUG]   Would copy glyph: U+1F948 (glyph_id=1151)
[DEBUG]   Would copy glyph: U+1F7EA (glyph_id=1090)
[DEBUG]   Would copy glyph: U+1F45A (glyph_id=591)
[DEBUG]   Would copy glyph: U+1FAEF (glyph_id=1889)
[DEBUG]   Would copy glyph: U+1F6D8 (glyph_id=1893)
[DEBUG]   Would copy glyph: U+1F466 (glyph_id=603)
[DEBUG]   Would copy glyph: U+E007A (glyph_id=1544)
[DEBUG]   Would copy glyph: U+1F3CB (glyph_id=447)
[DEBUG]   Would copy glyph: U+1F429 (glyph_id=542)
[DEBUG]   Would copy glyph: U+1F3F0 (glyph_id=484)
[DEBUG]   Would copy glyph: U+1F519 (glyph_id=784)
[DEBUG]   Would copy glyph: U+1F928 (glyph_id=1121)
[DEBUG]   Would copy glyph: U+FE4EE (glyph_id=1739)
[DEBUG]   Would copy glyph: U+1F6B0 (glyph_id=1023)
[DEBUG]   Would copy glyph: U+1F402 (glyph_id=499)
[DEBUG]   Would copy glyph: U+2705 (glyph_id=145)
[DEBUG]   Would copy glyph: U+1F419 (glyph_id=524)
[DEBUG]   Would copy glyph: U+1F451 (glyph_id=582)
[DEBUG]   Would copy glyph: U+1F443 (glyph_id=568)
[DEBUG]   Would copy glyph: U+1FA80 (glyph_id=1350)
[DEBUG]   Would copy glyph: U+1F492 (glyph_id=647)
[DEBUG]   Would copy glyph: U+1F6A7 (glyph_id=1014)
[DEBUG]   Would copy glyph: U+E0068 (glyph_id=1526)
[DEBUG]   Would copy glyph: U+26F4 (glyph_id=137)
[DEBUG]   Would copy glyph: U+1F3BD (glyph_id=433)
[DEBUG]   Would copy glyph: U+E0065 (glyph_id=1523)
[DEBUG]   Would copy glyph: U+1F575 (glyph_id=855)
[DEBUG]   Would copy glyph: U+1F450 (glyph_id=581)
[DEBUG]   Would copy glyph: U+1F58D (glyph_id=865)
[DEBUG]   Would copy glyph: U+1F3B2 (glyph_id=420)
[DEBUG]   Would copy glyph: U+1F95A (glyph_id=1170)
[DEBUG]   Would copy glyph: U+1F579 (glyph_id=859)
[DEBUG]   Would copy glyph: U+1F36D (glyph_id=356)
[DEBUG]   Would copy glyph: U+1F3DF (glyph_id=467)
[DEBUG]   Would copy glyph: U+1F3BF (glyph_id=435)
[DEBUG]   Would copy glyph: U+1F32D (glyph_id=291)
[DEBUG]   Would copy glyph: U+1F31C (glyph_id=276)
[DEBUG]   Would copy glyph: U+1F3DB (glyph_id=463)
[DEBUG]   Would copy glyph: U+1F3C3 (glyph_id=439)
[DEBUG]   Would copy glyph: U+1F6B3 (glyph_id=1026)
[DEBUG]   Would copy glyph: U+1F533 (glyph_id=809)
[DEBUG]   Would copy glyph: U+1F573 (glyph_id=853)
[DEBUG]   Would copy glyph: U+1F33D (glyph_id=308)
[DEBUG]   Would copy glyph: U+1F988 (glyph_id=1217)
[DEBUG]   Would copy glyph: U+1F3DC (glyph_id=464)
[DEBUG]   Would copy glyph: U+1F537 (glyph_id=813)
[DEBUG]   Would copy glyph: U+1F6A0 (glyph_id=1007)
[DEBUG]   Would copy glyph: U+1FAD1 (glyph_id=1405)
[DEBUG]   Would copy glyph: U+1F9FD (glyph_id=1337)
[DEBUG]   Would copy glyph: U+1F44B (glyph_id=576)
[DEBUG]   Would copy glyph: U+1FA88 (glyph_id=431)
[DEBUG]   Would copy glyph: U+1F38A (glyph_id=385)
[DEBUG]   Would copy glyph: U+1F1F6 (glyph_id=223)
[DEBUG]   Would copy glyph: U+1FAA4 (glyph_id=1378)
[DEBUG]   Would copy glyph: U+1F927 (glyph_id=1120)
[DEBUG]   Would copy glyph: U+1F4A3 (glyph_id=667)
[DEBUG]   Would copy glyph: U+1F911 (glyph_id=1098)
[DEBUG]   Would copy glyph: U+1F4CB (glyph_id=707)
[DEBUG]   Would copy glyph: U+1F349 (glyph_id=320)
[DEBUG]   Would copy glyph: U+1F9F5 (glyph_id=1329)
[DEBUG]   Would copy glyph: U+1F45F (glyph_id=596)
[DEBUG]   Would copy glyph: U+1F4E4 (glyph_id=732)
[DEBUG]   Would copy glyph: U+23F1 (glyph_id=46)
[DEBUG]   Would copy glyph: U+1F4F8 (glyph_id=752)
[DEBUG]   Would copy glyph: U+1F6BE (glyph_id=1037)
[DEBUG]   Would copy glyph: U+1F6C4 (glyph_id=1043)
[DEBUG]   Would copy glyph: U+E0078 (glyph_id=1542)
[DEBUG]   Would copy glyph: U+1F500 (glyph_id=759)
[DEBUG]   Would copy glyph: U+1F45E (glyph_id=595)
[DEBUG]   Would copy glyph: U+1FAF5 (glyph_id=1428)
[DEBUG]   Would copy glyph: U+1F490 (glyph_id=645)
[DEBUG]   Would copy glyph: U+1F4D8 (glyph_id=720)
[DEBUG]   Would copy glyph: U+1F68D (glyph_id=988)
[DEBUG]   Would copy glyph: U+1F5F3 (glyph_id=888)
[DEBUG]   Would copy glyph: U+1F342 (glyph_id=313)
[DEBUG]   Would copy glyph: U+1FAA9 (glyph_id=1383)
[DEBUG]   Would copy glyph: U+1F683 (glyph_id=978)
[DEBUG]   Would copy glyph: U+FE833 (glyph_id=1553)
[DEBUG]   Would copy glyph: U+1F92A (glyph_id=1123)
[DEBUG]   Would copy glyph: U+1F17F (glyph_id=195)
[DEBUG]   Would copy glyph: U+1F9B3 (glyph_id=1262)
[DEBUG]   Would copy glyph: U+1F47B (glyph_id=624)
[DEBUG]   Would copy glyph: U+1F468 (glyph_id=605)
[DEBUG]   Would copy glyph: U+1F9D7 (glyph_id=1298)
[DEBUG]   Would copy glyph: U+1F424 (glyph_id=535)
[DEBUG]   Would copy glyph: U+1F34E (glyph_id=325)
[DEBUG]   Would copy glyph: U+1FABC (glyph_id=510)
[DEBUG]   Would copy glyph: U+1F37B (glyph_id=370)
[DEBUG]   Would copy glyph: U+1F58C (glyph_id=864)
[DEBUG]   Would copy glyph: U+1F4B6 (glyph_id=686)
[DEBUG]   Would copy glyph: U+1F3E1 (glyph_id=469)
[DEBUG]   Would copy glyph: U+1F34D (glyph_id=324)
[DEBUG]   Would copy glyph: U+1F368 (glyph_id=351)
[DEBUG]   Would copy glyph: U+1F92C (glyph_id=1125)
[DEBUG]   Would copy glyph: U+1F534 (glyph_id=810)
[DEBUG]   Would copy glyph: U+1F6F3 (glyph_id=1070)
[DEBUG]   Would copy glyph: U+1F52C (glyph_id=802)
[DEBUG]   Would copy glyph: U+1F302 (glyph_id=250)
[DEBUG]   Would copy glyph: U+1F943 (glyph_id=1147)
[DEBUG]   Would copy glyph: U+1F55F (glyph_id=842)
[DEBUG]   Would copy glyph: U+1F9F0 (glyph_id=1324)
[DEBUG]   Would copy glyph: U+1F4BC (glyph_id=692)
[DEBUG]   Would copy glyph: U+1F334 (glyph_id=298)
[DEBUG]   Would copy glyph: U+1F96C (glyph_id=1189)
[DEBUG]   Would copy glyph: U+E0061 (glyph_id=1519)
[DEBUG]   Would copy glyph: U+1F35D (glyph_id=340)
[DEBUG]   Would copy glyph: U+1F960 (glyph_id=1176)
[DEBUG]   Would copy glyph: U+1F389 (glyph_id=384)
[DEBUG]   Would copy glyph: U+1F994 (glyph_id=1230)
[DEBUG]   Would copy glyph: U+1F94E (glyph_id=1157)
[DEBUG]   Would copy glyph: U+1F5C3 (glyph_id=876)
[DEBUG]   Would copy glyph: U+1F432 (glyph_id=551)
[DEBUG]   Would copy glyph: U+1F324 (glyph_id=282)
[DEBUG]   Would copy glyph: U+1F4CA (glyph_id=706)
[DEBUG]   Would copy glyph: U+1F98E (glyph_id=1223)
[DEBUG]   Would copy glyph: U+26CF (glyph_id=127)
[DEBUG]   Would copy glyph: U+270A (glyph_id=148)
[DEBUG]   Would copy glyph: U+1F9F8 (glyph_id=1332)
[DEBUG]   Would copy glyph: U+1F695 (glyph_id=996)
[DEBUG]   Would copy glyph: U+1FAF3 (glyph_id=1426)
[DEBUG]   Would copy glyph: U+1F6CC (glyph_id=1047)
[DEBUG]   Would copy glyph: U+1F4DB (glyph_id=723)
[DEBUG]   Would copy glyph: U+1F4E5 (glyph_id=733)
[DEBUG]   Would copy glyph: U+1F4AD (glyph_id=677)
[DEBUG]   Would copy glyph: U+1F526 (glyph_id=796)
[DEBUG]   Would copy glyph: U+1F4D3 (glyph_id=715)
[DEBUG]   Would copy glyph: U+1F376 (glyph_id=365)
[DEBUG]   Would copy glyph: U+1F3C8 (glyph_id=444)
[DEBUG]   Would copy glyph: U+1F6EC (glyph_id=1068)
[DEBUG]   Would copy glyph: U+FE4EC (glyph_id=1805)
[DEBUG]   Would copy glyph: U+1F4D5 (glyph_id=717)
[DEBUG]   Would copy glyph: U+1F3C2 (glyph_id=438)
[DEBUG]   Would copy glyph: U+1F18E (glyph_id=196)
[DEBUG]   Would copy glyph: U+1F448 (glyph_id=573)
[DEBUG]   Would copy glyph: U+1F3F5 (glyph_id=487)
[DEBUG]   Would copy glyph: U+1F1EB (glyph_id=212)
[DEBUG]   Would copy glyph: U+1F1ED (glyph_id=214)
[DEBUG]   Would copy glyph: U+1F92D (glyph_id=1126)
[DEBUG]   Would copy glyph: U+1F43F (glyph_id=564)
[DEBUG]   Would copy glyph: U+1FAF2 (glyph_id=1425)
[DEBUG]   Would copy glyph: U+FE4E6 (glyph_id=1859)
[DEBUG]   Would copy glyph: U+1F64C (glyph_id=971)
[DEBUG]   Would copy glyph: U+1F365 (glyph_id=348)
[DEBUG]   Would copy glyph: U+1FAF4 (glyph_id=1427)
[DEBUG]   Would copy glyph: U+3299 (glyph_id=189)
[DEBUG]   Would copy glyph: U+1F6A8 (glyph_id=1015)
[DEBUG]   Would copy glyph: U+1F43A (glyph_id=559)
[DEBUG]   Would copy glyph: U+1FAA6 (glyph_id=1380)
[DEBUG]   Would copy glyph: U+1F930 (glyph_id=1129)
[DEBUG]   Would copy glyph: U+1F399 (glyph_id=397)
[DEBUG]   Would copy glyph: U+1F4ED (glyph_id=741)
[DEBUG]   Would copy glyph: U+1F3BE (glyph_id=434)
[DEBUG]   Would copy glyph: U+1F4BE (glyph_id=694)
[DEBUG]   Would copy glyph: U+1F4FF (glyph_id=758)
[DEBUG]   Would copy glyph: U+1F9D6 (glyph_id=1297)
[DEBUG]   Would copy glyph: U+1F5DE (glyph_id=883)
[DEBUG]   Would copy glyph: U+1FA89 (glyph_id=1881)
[DEBUG]   Would copy glyph: U+1F915 (glyph_id=1102)
[DEBUG]   Would copy glyph: U+1F9B5 (glyph_id=1264)
[DEBUG]   Would copy glyph: U+1F472 (glyph_id=615)
[DEBUG]   Would copy glyph: U+1F477 (glyph_id=620)
[DEBUG]   Would copy glyph: U+1F9FF (glyph_id=1339)
[DEBUG]   Would copy glyph: U+1F9B8 (glyph_id=1267)
[DEBUG]   Would copy glyph: U+1FAC3 (glyph_id=1401)
[DEBUG]   Would copy glyph: U+1F574 (glyph_id=854)
[DEBUG]   Would copy glyph: U+1F338 (glyph_id=302)
[DEBUG]   Would copy glyph: U+1F94C (glyph_id=1155)
[DEBUG]   Would copy glyph: U+1F304 (glyph_id=252)
[DEBUG]   Would copy glyph: U+1F68A (glyph_id=985)
[DEBUG]   Would copy glyph: U+1F396 (glyph_id=395)
[DEBUG]   Would copy glyph: U+1F415 (glyph_id=520)
[DEBUG]   Would copy glyph: U+1F4B1 (glyph_id=681)
[DEBUG]   Would copy glyph: U+1FA72 (glyph_id=1342)
[DEBUG]   Would copy glyph: U+1F411 (glyph_id=516)
[DEBUG]   Would copy glyph: U+1F455 (glyph_id=586)
[DEBUG]   Would copy glyph: U+1F5C2 (glyph_id=875)
[DEBUG]   Would copy glyph: U+1F3F4 (glyph_id=486)
[DEBUG]   Would copy glyph: U+1F9E1 (glyph_id=1308)
[DEBUG]   Would copy glyph: U+1F3DE (glyph_id=466)
[DEBUG]   Would copy glyph: U+1F91C (glyph_id=1109)
[DEBUG]   Would copy glyph: U+1FAF1 (glyph_id=1424)
[DEBUG]   Would copy glyph: U+1F478 (glyph_id=621)
[DEBUG]   Would copy glyph: U+FE834 (glyph_id=1554)
[DEBUG]   Would copy glyph: U+1F931 (glyph_id=1130)
[DEBUG]   Would copy glyph: U+1F48B (glyph_id=640)
[DEBUG]   Would copy glyph: U+1F4C4 (glyph_id=700)
[DEBUG]   Would copy glyph: U+1FAB8 (glyph_id=1395)
[DEBUG]   Would copy glyph: U+1F648 (glyph_id=967)
[DEBUG]   Would copy glyph: U+1F3AD (glyph_id=415)
[DEBUG]   Would copy glyph: U+1F198 (glyph_id=204)
[DEBUG]   Would copy glyph: U+1FAA2 (glyph_id=1376)
[DEBUG]   Would copy glyph: U+1F560 (glyph_id=843)
[DEBUG]   Would copy glyph: U+FE837 (glyph_id=1557)
[DEBUG]   Would copy glyph: U+1F39F (glyph_id=401)
[DEBUG]   Would copy glyph: U+1F9D2 (glyph_id=1293)
[DEBUG]   Would copy glyph: U+1F97D (glyph_id=1206)
[DEBUG]   Would copy glyph: U+1F417 (glyph_id=522)
[DEBUG]   Would copy glyph: U+1F3FC (glyph_id=493)
[DEBUG]   Would copy glyph: U+1F939 (glyph_id=1138)
[DEBUG]   Would copy glyph: U+1F91F (glyph_id=1112)
[DEBUG]   Would copy glyph: U+1F41F (glyph_id=530)
[DEBUG]   Would copy glyph: U+1F3EF (glyph_id=483)
[DEBUG]   Would copy glyph: U+1F52A (glyph_id=800)
[DEBUG]   Would copy glyph: U+1F329 (glyph_id=287)
[DEBUG]   Would copy glyph: U+1F5A8 (glyph_id=871)
[DEBUG]   Would copy glyph: U+1F377 (glyph_id=366)
[DEBUG]   Would copy glyph: U+1F202 (glyph_id=234)
[DEBUG]   Would copy glyph: U+1F993 (glyph_id=1228)
[DEBUG]   Would copy glyph: U+1F9A2 (glyph_id=1244)
[DEBUG]   Would copy glyph: U+1F1E7 (glyph_id=208)
[DEBUG]   Would copy glyph: U+1FA97 (glyph_id=1365)
[DEBUG]   Would copy glyph: U+1F196 (glyph_id=202)
[DEBUG]   Would copy glyph: U+1F41D (glyph_id=528)
[DEBUG]   Would copy glyph: U+1F405 (glyph_id=502)
[DEBUG]   Would copy glyph: U+1FAC1 (glyph_id=1399)
[DEBUG]   Would copy glyph: U+1F5E8 (glyph_id=886)
[DEBUG]   Would copy glyph: U+1F986 (glyph_id=1215)
[DEBUG]   Would copy glyph: U+1F328 (glyph_id=286)
[DEBUG]   Would copy glyph: U+E0071 (glyph_id=1535)
[DEBUG]   Would copy glyph: U+23EF (glyph_id=44)
[DEBUG]   Would copy glyph: U+1FAD4 (glyph_id=1408)
[DEBUG]   Would copy glyph: U+1F9A6 (glyph_id=1248)
[DEBUG]   Would copy glyph: U+E0034 (glyph_id=1513)
[DEBUG]   Would copy glyph: U+1F39B (glyph_id=399)
[DEBUG]   Would copy glyph: U+1F3AC (glyph_id=414)
[DEBUG]   Would copy glyph: U+1F54E (glyph_id=825)
[DEBUG]   Would copy glyph: U+1F967 (glyph_id=1184)
[DEBUG]   Would copy glyph: U+23EC (glyph_id=41)
[DEBUG]   Would copy glyph: U+1F555 (glyph_id=832)
[DEBUG]   Would copy glyph: U+1F4C8 (glyph_id=704)
[DEBUG]   Would copy glyph: U+1F6D5 (glyph_id=1054)
[DEBUG]   Would copy glyph: U+1F531 (glyph_id=807)
[DEBUG]   Would copy glyph: U+1F1FE (glyph_id=231)
[DEBUG]   Would copy glyph: U+1F43E (glyph_id=563)
[DEBUG]   Would copy glyph: U+1F3C7 (glyph_id=443)
[DEBUG]   Would copy glyph: U+1F48A (glyph_id=639)
[DEBUG]   Would copy glyph: U+1FABA (glyph_id=1397)
[DEBUG]   Would copy glyph: U+1F9C1 (glyph_id=1276)
[DEBUG]   Would copy glyph: U+26BD (glyph_id=121)
[DEBUG]   Would copy glyph: U+FE4EA (glyph_id=1857)
[DEBUG]   Would copy glyph: U+1F51D (glyph_id=788)
[DEBUG]   Would copy glyph: U+1F47F (glyph_id=628)
[DEBUG]   Would copy glyph: U+1F4B9 (glyph_id=689)
[DEBUG]   Would copy glyph: U+1F554 (glyph_id=831)
[DEBUG]   Would copy glyph: U+1F4B8 (glyph_id=688)
[DEBUG]   Would copy glyph: U+1F34C (glyph_id=323)
[DEBUG]   Would copy glyph: U+1F1FF (glyph_id=232)
[DEBUG]   Would copy glyph: U+1F4D4 (glyph_id=716)
[DEBUG]   Would copy glyph: U+1F9BC (glyph_id=1271)
[DEBUG]   Would copy glyph: U+1F3D6 (glyph_id=458)
[DEBUG]   Would copy glyph: U+E0033 (glyph_id=1512)
[DEBUG]   Would copy glyph: U+1F391 (glyph_id=392)
[DEBUG]   Would copy glyph: U+26D4 (glyph_id=130)
[DEBUG]   Would copy glyph: U+1F956 (glyph_id=1166)
[DEBUG]   Would copy glyph: U+1F9AC (glyph_id=1254)
[DEBUG]   Would copy glyph: U+1F426 (glyph_id=537)
[DEBUG]   Would copy glyph: U+1F6A3 (glyph_id=1010)
[DEBUG]   Would copy glyph: U+1F44D (glyph_id=578)
[DEBUG]   Would copy glyph: U+1F92F (glyph_id=1128)
[DEBUG]   Would copy glyph: U+1F401 (glyph_id=498)
[DEBUG]   Would copy glyph: U+1F563 (glyph_id=846)
[DEBUG]   Would copy glyph: U+1F4E2 (glyph_id=730)
[DEBUG]   Would copy glyph: U+1F55D (glyph_id=840)
[DEBUG]   Would copy glyph: U+1F680 (glyph_id=975)
[DEBUG]   Would copy glyph: U+26F1 (glyph_id=134)
[DEBUG]   Would copy glyph: U+1F981 (glyph_id=1210)
[DEBUG]   Would copy glyph: U+1F364 (glyph_id=347)
[DEBUG]   Would copy glyph: U+1F9D0 (glyph_id=1291)
[DEBUG]   Would copy glyph: U+1F31A (glyph_id=274)
[DEBUG]   Would copy glyph: U+1F941 (glyph_id=1145)
[DEBUG]   Would copy glyph: U+1F45B (glyph_id=592)
[DEBUG]   Would copy glyph: U+E0035 (glyph_id=1514)
[DEBUG]   Would copy glyph: U+1F49F (glyph_id=663)
[DEBUG]   Would copy glyph: U+1F4FB (glyph_id=755)
[DEBUG]   Would copy glyph: U+1F647 (glyph_id=966)
[DEBUG]   Would copy glyph: U+1F1EF (glyph_id=216)
[DEBUG]   Would copy glyph: U+1F3E6 (glyph_id=474)
[DEBUG]   Would copy glyph: U+FE831 (glyph_id=1551)
[DEBUG]   Would copy glyph: U+26F8 (glyph_id=140)
[DEBUG]   Would copy glyph: U+1F9FB (glyph_id=1335)
[DEBUG]   Would copy glyph: U+1F385 (glyph_id=380)
[DEBUG]   Would copy glyph: U+1F3CE (glyph_id=450)
[DEBUG]   Would copy glyph: U+1F4B2 (glyph_id=682)
[DEBUG]   Would copy glyph: U+1F6CF (glyph_id=1050)
[DEBUG]   Would copy glyph: U+1F9A1 (glyph_id=1243)
[DEBUG]   Would copy glyph: U+1F386 (glyph_id=381)
[DEBUG]   Would copy glyph: U+1F239 (glyph_id=244)
[DEBUG]   Would copy glyph: U+1F7E8 (glyph_id=1088)
[DEBUG]   Would copy glyph: U+1F348 (glyph_id=319)
[DEBUG]   Would copy glyph: U+1F964 (glyph_id=1180)
[DEBUG]   Would copy glyph: U+1F488 (glyph_id=637)
[DEBUG]   Would copy glyph: U+1F1F9 (glyph_id=226)
[DEBUG]   Would copy glyph: U+1F69B (glyph_id=1002)
[DEBUG]   Would copy glyph: U+1F383 (glyph_id=378)
[DEBUG]   Would copy glyph: U+1F93C (glyph_id=1140)
[DEBUG]   Would copy glyph: U+1F4A5 (glyph_id=669)
[DEBUG]   Would copy glyph: U+1F3DD (glyph_id=465)
[DEBUG]   Would copy glyph: U+1F4EB (glyph_id=739)
[DEBUG]   Would copy glyph: U+1F33A (glyph_id=304)
[DEBUG]   Would copy glyph: U+1F1EC (glyph_id=213)
[DEBUG]   Would copy glyph: U+1F4EE (glyph_id=742)
[DEBUG]   Would copy glyph: U+1F482 (glyph_id=631)
[DEBUG]   Would copy glyph: U+1F4C6 (glyph_id=702)
[DEBUG]   Would copy glyph: U+1F495 (glyph_id=650)
[DEBUG]   Would copy glyph: U+1F4E1 (glyph_id=729)
[DEBUG]   Would copy glyph: U+1F6B2 (glyph_id=1025)
[DEBUG]   Would copy glyph: U+1F45D (glyph_id=594)
[DEBUG]   Would copy glyph: U+23EB (glyph_id=40)
[DEBUG]   Would copy glyph: U+1F916 (glyph_id=1103)
[DEBUG]   Would copy glyph: U+1F390 (glyph_id=391)
[DEBUG]   Would copy glyph: U+1F97B (glyph_id=1204)
[DEBUG]   Would copy glyph: U+1F6E4 (glyph_id=1064)
[DEBUG]   Would copy glyph: U+2B50 (glyph_id=184)
[DEBUG]   Would copy glyph: U+231B (glyph_id=35)
[DEBUG]   Would copy glyph: U+1F999 (glyph_id=1235)
[DEBUG]   Would copy glyph: U+2728 (glyph_id=158)
[DEBUG]   Would copy glyph: U+1F97F (glyph_id=1208)
[DEBUG]   Would copy glyph: U+1F445 (glyph_id=570)
[DEBUG]   Would copy glyph: U+1F698 (glyph_id=999)
[DEBUG]   Would copy glyph: U+1F3F3 (glyph_id=485)
[DEBUG]   Would copy glyph: U+1F501 (glyph_id=760)
[DEBUG]   Would copy glyph: U+1F6B7 (glyph_id=1030)
[DEBUG]   Would copy glyph: U+1F570 (glyph_id=852)
[DEBUG]   Would copy glyph: U+1F9B0 (glyph_id=1259)
[DEBUG]   Would copy glyph: U+1F919 (glyph_id=1106)
[DEBUG]   Would copy glyph: U+1F4A6 (glyph_id=670)
[DEBUG]   Would copy glyph: U+1F35E (glyph_id=341)
[DEBUG]   Would copy glyph: U+1F1E9 (glyph_id=210)
[DEBUG]   Would copy glyph: U+1FADF (glyph_id=1883)
[DEBUG]   Would copy glyph: U+1F93A (glyph_id=1139)
[DEBUG]   Would copy glyph: U+2755 (glyph_id=167)
[DEBUG]   Would copy glyph: U+1F43C (glyph_id=561)
[DEBUG]   Would copy glyph: U+1F3D3 (glyph_id=455)
[DEBUG]   Would copy glyph: U+1F427 (glyph_id=539)
[DEBUG]   Would copy glyph: U+1F564 (glyph_id=847)
[DEBUG]   Would copy glyph: U+1F9B6 (glyph_id=1265)
[DEBUG]   Would copy glyph: U+1F3E2 (glyph_id=470)
[DEBUG]   Would copy glyph: U+1FAE3 (glyph_id=1417)
[DEBUG]   Would copy glyph: U+1F37D (glyph_id=372)
[DEBUG]   Would copy glyph: U+1F1F4 (glyph_id=221)
[DEBUG]   Would copy glyph: U+1F359 (glyph_id=336)
[DEBUG]   Would copy glyph: U+1F966 (glyph_id=1182)
[DEBUG]   Would copy glyph: U+1FAC4 (glyph_id=1402)
[DEBUG]   Would copy glyph: U+1FA99 (glyph_id=1367)
[DEBUG]   Would copy glyph: U+1F5D1 (glyph_id=878)
[DEBUG]   Would copy glyph: U+1FAE9 (glyph_id=1877)
[DEBUG]   Would copy glyph: U+FE4E5 (glyph_id=1734)
[DEBUG]   Would copy glyph: U+1F513 (glyph_id=778)
[DEBUG]   Would copy glyph: U+1F47D (glyph_id=626)
[DEBUG]   Would copy glyph: U+1F5BC (glyph_id=874)
[DEBUG]   Would copy glyph: U+1F953 (glyph_id=1162)
[DEBUG]   Would copy glyph: U+1FAD2 (glyph_id=1406)
[DEBUG]   Would copy glyph: U+1F6CB (glyph_id=1046)
[DEBUG]   Would copy glyph: U+1FAC5 (glyph_id=1403)
[DEBUG]   Would copy glyph: U+1FA9B (glyph_id=1369)
[DEBUG]   Would copy glyph: U+1F483 (glyph_id=632)
[DEBUG]   Would copy glyph: U+1FA7B (glyph_id=1348)
[DEBUG]   Would copy glyph: U+1F98A (glyph_id=1219)
[DEBUG]   Would copy glyph: U+1F320 (glyph_id=280)
[DEBUG]   Would copy glyph: U+1F6B6 (glyph_id=1029)
[DEBUG]   Would copy glyph: U+1F6F8 (glyph_id=1075)
[DEBUG]   Would copy glyph: U+1FA92 (glyph_id=1359)
[DEBUG]   Would copy glyph: U+1F505 (glyph_id=764)
[DEBUG]   Would copy glyph: U+1F34F (glyph_id=326)
[DEBUG]   Would copy glyph: U+1F250 (glyph_id=246)
[DEBUG]   Would copy glyph: U+1F935 (glyph_id=1134)
[DEBUG]   Would copy glyph: U+1F4E0 (glyph_id=728)
[DEBUG]   Would copy glyph: U+1F53C (glyph_id=818)
[DEBUG]   Would copy glyph: U+1F392 (glyph_id=393)
[DEBUG]   Would copy glyph: U+1F69A (glyph_id=1001)
[DEBUG]   Would copy glyph: U+1F469 (glyph_id=606)
[DEBUG]   Would copy glyph: U+1F9B2 (glyph_id=1261)
[DEBUG]   Would copy glyph: U+1FA81 (glyph_id=1351)
[DEBUG]   Would copy glyph: U+1F3CF (glyph_id=451)
[DEBUG]   Would copy glyph: U+2795 (glyph_id=171)
[DEBUG]   Would copy glyph: U+1FA9F (glyph_id=1373)
[DEBUG]   Would copy glyph: U+1F944 (glyph_id=1148)
[DEBUG]   Would copy glyph: U+1F7E5 (glyph_id=1085)
[DEBUG]   Would copy glyph: U+1F361 (glyph_id=344)
[DEBUG]   Would copy glyph: U+1F3A5 (glyph_id=407)
[DEBUG]   Would copy glyph: U+3297 (glyph_id=188)
[DEBUG]   Would copy glyph: U+1FAC8 (glyph_id=1890)
[DEBUG]   Would copy glyph: U+1F535 (glyph_id=811)
[DEBUG]   Would copy glyph: U+1F6E5 (glyph_id=1065)
[DEBUG]   Would copy glyph: U+1F974 (glyph_id=1197)
[DEBUG]   Would copy glyph: U+1F3AE (glyph_id=416)
[DEBUG]   Would copy glyph: U+1F430 (glyph_id=549)
[DEBUG]   Would copy glyph: U+1F525 (glyph_id=795)
[DEBUG]   Would copy glyph: U+1F97C (glyph_id=1205)
[DEBUG]   Would copy glyph: U+FE835 (glyph_id=1555)
[DEBUG]   Would copy glyph: U+1F3D0 (glyph_id=452)
[DEBUG]   Would copy glyph: U+1F387 (glyph_id=382)
[DEBUG]   Would copy glyph: U+1F1F0 (glyph_id=217)
[DEBUG]   Would copy glyph: U+1F3E0 (glyph_id=468)
[DEBUG]   Would copy glyph: U+1FAB6 (glyph_id=1393)
[DEBUG]   Would copy glyph: U+1F3B4 (glyph_id=422)
[DEBUG]   Would copy glyph: U+1F957 (glyph_id=1167)
[DEBUG]   Would copy glyph: U+E0070 (glyph_id=1534)
[DEBUG]   Would copy glyph: U+1FAAF (glyph_id=826)
[DEBUG]   Would copy glyph: U+1F4E3 (glyph_id=731)
[DEBUG]   Would copy glyph: U+E006B (glyph_id=1529)
[DEBUG]   Would copy glyph: U+1F6B9 (glyph_id=1032)
[DEBUG]   Would copy glyph: U+1F7E6 (glyph_id=1086)
[DEBUG]   Would copy glyph: U+1F3F9 (glyph_id=490)
[DEBUG]   Would copy glyph: U+1F96E (glyph_id=1191)
[DEBUG]   Would copy glyph: U+1F5FA (glyph_id=889)
[DEBUG]   Would copy glyph: U+1FAA1 (glyph_id=1375)
[DEBUG]   Would copy glyph: U+1F98D (glyph_id=1222)
[DEBUG]   Would copy glyph: U+1F51C (glyph_id=787)
[DEBUG]   Would copy glyph: U+1F562 (glyph_id=845)
[DEBUG]   Would copy glyph: U+1F236 (glyph_id=241)
[DEBUG]   Would copy glyph: U+1F69E (glyph_id=1005)
[DEBUG]   Would copy glyph: U+1F55E (glyph_id=841)
[DEBUG]   Would copy glyph: U+1F499 (glyph_id=654)
[DEBUG]   Would copy glyph: U+1F9C9 (glyph_id=1284)
[DEBUG]   Would copy glyph: U+1F319 (glyph_id=273)
[DEBUG]   Would copy glyph: U+1F442 (glyph_id=567)
[DEBUG]   Would copy glyph: U+1F41E (glyph_id=529)
[DEBUG]   Would copy glyph: U+1F3A7 (glyph_id=409)
[DEBUG]   Would copy glyph: U+1F913 (glyph_id=1100)
[DEBUG]   Would copy glyph: U+1F9E0 (glyph_id=1307)
[DEBUG]   Would copy glyph: U+1F30C (glyph_id=260)
[DEBUG]   Would copy glyph: U+1FA91 (glyph_id=1358)
[DEBUG]   Would copy glyph: U+1F561 (glyph_id=844)
[DEBUG]   Would copy glyph: U+1F4D1 (glyph_id=713)
[DEBUG]   Would copy glyph: U+1F920 (glyph_id=1113)
[DEBUG]   Would copy glyph: U+1F44A (glyph_id=575)
[DEBUG]   Would copy glyph: U+1F945 (glyph_id=1149)
[DEBUG]   Would copy glyph: U+1F1EE (glyph_id=215)
[DEBUG]   Would copy glyph: U+1F400 (glyph_id=497)
[DEBUG]   Would copy glyph: U+1FAC2 (glyph_id=1400)
[DEBUG]   Would copy glyph: U+1F3A9 (glyph_id=411)
[DEBUG]   Would copy glyph: U+1F370 (glyph_id=359)
[DEBUG]   Would copy glyph: U+1F40E (glyph_id=512)
[DEBUG]   Would copy glyph: U+1F69F (glyph_id=1006)
[DEBUG]   Would copy glyph: U+1F52E (glyph_id=804)
[DEBUG]   Would copy glyph: U+1FAAE (glyph_id=1360)
[DEBUG]   Would copy glyph: U+1F3E5 (glyph_id=473)
[DEBUG]   Would copy glyph: U+1F36E (glyph_id=357)
[DEBUG]   Would copy glyph: U+1FAD5 (glyph_id=1409)
[DEBUG]   Would copy glyph: U+1F4E8 (glyph_id=736)
[DEBUG]   Would copy glyph: U+1F514 (glyph_id=779)
[DEBUG]   Would copy glyph: U+1FA71 (glyph_id=1341)
[DEBUG]   Would copy glyph: U+1F9EF (glyph_id=1323)
[DEBUG]   Would copy glyph: U+E006D (glyph_id=1531)
[DEBUG]   Would copy glyph: U+1F458 (glyph_id=589)
[DEBUG]   Would copy glyph: U+20E3 (glyph_id=23)
[DEBUG]   Would copy glyph: U+1F4C9 (glyph_id=705)
[DEBUG]   Would copy glyph: U+FE82E (glyph_id=1548)
[DEBUG]   Would copy glyph: U+1F40D (glyph_id=511)
[DEBUG]   Would copy glyph: U+1F33E (glyph_id=309)
[DEBUG]   Would copy glyph: U+1F54A (glyph_id=821)
[DEBUG]   Would copy glyph: U+1F5FC (glyph_id=891)
[DEBUG]   Would copy glyph: U+1F1FA (glyph_id=227)
[DEBUG]   Would copy glyph: U+1FA87 (glyph_id=425)
[DEBUG]   Would copy glyph: U+1F171 (glyph_id=193)
[DEBUG]   Would copy glyph: U+1F355 (glyph_id=332)
[DEBUG]   Would copy glyph: U+1F491 (glyph_id=646)
[DEBUG]   Would copy glyph: U+1F690 (glyph_id=991)
[DEBUG]   Would copy glyph: U+1F973 (glyph_id=1196)
[DEBUG]   Would copy glyph: U+1F4BD (glyph_id=693)
[DEBUG]   Would copy glyph: U+1F3AA (glyph_id=412)
[DEBUG]   Would copy glyph: U+1F952 (glyph_id=1161)
[DEBUG]   Would copy glyph: U+1F528 (glyph_id=798)
[DEBUG]   Would copy glyph: U+1F963 (glyph_id=1179)
[DEBUG]   Would copy glyph: U+1F4B5 (glyph_id=685)
[DEBUG]   Would copy glyph: U+1F50C (glyph_id=771)
[DEBUG]   Would copy glyph: U+1F9D9 (glyph_id=1300)
[DEBUG]   Would copy glyph: U+2B1B (glyph_id=182)
[DEBUG]   Would copy glyph: U+1F367 (glyph_id=350)
[DEBUG]   Would copy glyph: U+1F6C0 (glyph_id=1039)
[DEBUG]   Would copy glyph: U+1F3C4 (glyph_id=440)
[DEBUG]   Would copy glyph: U+1F48C (glyph_id=641)
[DEBUG]   Would copy glyph: U+1F923 (glyph_id=1116)
[DEBUG]   Would copy glyph: U+274E (glyph_id=164)
[DEBUG]   Would copy glyph: U+1F4A0 (glyph_id=664)
[DEBUG]   Would copy glyph: U+1F998 (glyph_id=1234)
[DEBUG]   Would copy glyph: U+1F4AC (glyph_id=676)
[DEBUG]   Would copy glyph: U+1F502 (glyph_id=761)
[DEBUG]   Would copy glyph: U+1F97A (glyph_id=1203)
[DEBUG]   Would copy glyph: U+1F68C (glyph_id=987)
[DEBUG]   Would copy glyph: U+1F406 (glyph_id=503)
[DEBUG]   Would copy glyph: U+1FAB3 (glyph_id=1390)
[DEBUG]   Would copy glyph: U+23EA (glyph_id=39)
[DEBUG]   Would copy glyph: U+1FA8F (glyph_id=1882)
[DEBUG]   Would copy glyph: U+1F5A4 (glyph_id=869)
[DEBUG]   Would copy glyph: U+1F49E (glyph_id=662)
[DEBUG]   Would copy glyph: U+1F55A (glyph_id=837)
[DEBUG]   Would copy glyph: U+1F978 (glyph_id=1201)
[DEBUG]   Would copy glyph: U+1F9FE (glyph_id=1338)
[DEBUG]   Would copy glyph: U+1F481 (glyph_id=630)
[DEBUG]   Would copy glyph: U+1F489 (glyph_id=638)
[DEBUG]   Would copy glyph: U+1F38C (glyph_id=387)
[DEBUG]   Would copy glyph: U+1F449 (glyph_id=574)
[DEBUG]   Would copy glyph: U+1F99E (glyph_id=1240)
[DEBUG]   Would copy glyph: U+1F19A (glyph_id=206)
[DEBUG]   Would copy glyph: U+1FAC6 (glyph_id=1878)
[DEBUG]   Would copy glyph: U+E0066 (glyph_id=1524)
[DEBUG]   Would copy glyph: U+1F97E (glyph_id=1207)
[DEBUG]   Would copy glyph: U+274C (glyph_id=163)
[DEBUG]   Would copy glyph: U+1F447 (glyph_id=572)
[DEBUG]   Would copy glyph: U+1F6E2 (glyph_id=1062)
[DEBUG]   Would copy glyph: U+1F5E1 (glyph_id=884)
[DEBUG]   Would copy glyph: U+E0031 (glyph_id=1510)
[DEBUG]   Would copy glyph: U+1F553 (glyph_id=830)
[DEBUG]   Would copy glyph: U+1F6A4 (glyph_id=1011)
[DEBUG]   Would copy glyph: U+1F33F (glyph_id=310)
[DEBUG]   Would copy glyph: U+1F303 (glyph_id=251)
[DEBUG]   Would copy glyph: U+1F6F9 (glyph_id=1076)
[DEBUG]   Would copy glyph: U+1F918 (glyph_id=1105)
[DEBUG]   Would copy glyph: U+1F9E2 (glyph_id=1309)
[DEBUG]   Would copy glyph: U+1F520 (glyph_id=790)
[DEBUG]   Would copy glyph: U+1F6C5 (glyph_id=1045)
[DEBUG]   Would copy glyph: U+1F346 (glyph_id=317)
[DEBUG]   Would copy glyph: U+1F4DD (glyph_id=725)
[DEBUG]   Would copy glyph: U+1F454 (glyph_id=585)
[DEBUG]   Would copy glyph: U+1F940 (glyph_id=1144)
[DEBUG]   Would copy glyph: U+1FAC0 (glyph_id=1398)
[DEBUG]   Would copy glyph: U+1F624 (glyph_id=931)
[DEBUG]   Would copy glyph: U+1F9AD (glyph_id=1255)
[DEBUG]   Would copy glyph: U+26C8 (glyph_id=125)
[DEBUG]   Would copy glyph: U+1F9F6 (glyph_id=1330)
[DEBUG]   Would copy glyph: U+1F42B (glyph_id=544)
[DEBUG]   Would copy glyph: U+1FAE2 (glyph_id=1416)
[DEBUG]   Would copy glyph: U+1F416 (glyph_id=521)
[DEBUG]   Would copy glyph: U+1F3C1 (glyph_id=437)
[DEBUG]   Would copy glyph: U+1F6C1 (glyph_id=1040)
[DEBUG]   Would copy glyph: U+1F9D1 (glyph_id=1292)
[DEBUG]   Would copy glyph: U+1F62C (glyph_id=939)
[DEBUG]   Would copy glyph: U+303D (glyph_id=187)
[DEBUG]   Would copy glyph: U+1F9E5 (glyph_id=1312)
[DEBUG]   Would copy glyph: U+1F4BB (glyph_id=691)
[DEBUG]   Would copy glyph: U+1F9BF (glyph_id=1274)
[DEBUG]   Would copy glyph: U+1F371 (glyph_id=360)
[DEBUG]   Would copy glyph: U+1F353 (glyph_id=330)
[DEBUG]   Would copy glyph: U+1F5DD (glyph_id=882)
[DEBUG]   Would copy glyph: U+1FAB5 (glyph_id=1392)
[DEBUG]   Would copy glyph: U+1F3EE (glyph_id=482)
[DEBUG]   Would copy glyph: U+1F38E (glyph_id=389)
[DEBUG]   Would copy glyph: U+1F3BC (glyph_id=432)
[DEBUG]   Would copy glyph: U+1F498 (glyph_id=653)
[DEBUG]   Would copy glyph: U+1F476 (glyph_id=619)
[DEBUG]   Would copy glyph: U+1F9B4 (glyph_id=1263)
[DEBUG]   Would copy glyph: U+1FA70 (glyph_id=1340)
[DEBUG]   Would copy glyph: U+1F32A (glyph_id=288)
[DEBUG]   Would copy glyph: U+1F327 (glyph_id=285)
[DEBUG]   Would copy glyph: U+1F3BA (glyph_id=429)
[DEBUG]   Would copy glyph: U+1F69C (glyph_id=1003)
[DEBUG]   Would copy glyph: U+2796 (glyph_id=172)
[DEBUG]   Would copy glyph: U+1F52F (glyph_id=805)
[DEBUG]   Would copy glyph: U+1F4B3 (glyph_id=683)
[DEBUG]   Would copy glyph: U+1F1FD (glyph_id=230)
[DEBUG]   Would copy glyph: U+1F6A6 (glyph_id=1013)
[DEBUG]   Would copy glyph: U+1F4F0 (glyph_id=744)
[DEBUG]   Would copy glyph: U+26F3 (glyph_id=136)
[DEBUG]   Would copy glyph: U+1F47C (glyph_id=625)
[DEBUG]   Would copy glyph: U+1FAD8 (glyph_id=1412)
[DEBUG]   Would copy glyph: U+1F46C (glyph_id=609)
[DEBUG]   Would copy glyph: U+1F373 (glyph_id=362)
[DEBUG]   Would copy glyph: U+1F6CD (glyph_id=1048)
[DEBUG]   Would copy glyph: U+1FA8E (glyph_id=1903)
[DEBUG]   Would copy glyph: U+1F56F (glyph_id=851)
[DEBUG]   Would copy glyph: U+23F0 (glyph_id=45)
[DEBUG]   Would copy glyph: U+E0079 (glyph_id=1543)
[DEBUG]   Would copy glyph: U+1F330 (glyph_id=294)
[DEBUG]   Would copy glyph: U+1F914 (glyph_id=1101)
[DEBUG]   Would copy glyph: U+E0072 (glyph_id=1536)
[DEBUG]   Would copy glyph: U+1F9F9 (glyph_id=1333)
[DEBUG]   Would copy glyph: U+1F464 (glyph_id=601)
[DEBUG]   Would copy glyph: U+1F9CA (glyph_id=1285)
[DEBUG]   Would copy glyph: U+1F4EF (glyph_id=743)
[DEBUG]   Would copy glyph: U+1F310 (glyph_id=264)
[DEBUG]   Would copy glyph: U+1F4F9 (glyph_id=753)
[DEBUG]   Would copy glyph: U+1F9C0 (glyph_id=1275)
[DEBUG]   Would copy glyph: U+1F3ED (glyph_id=481)
[DEBUG]   Would copy glyph: U+1F34B (glyph_id=322)
[DEBUG]   Would copy glyph: U+1F7E2 (glyph_id=1082)
[DEBUG]   Would copy glyph: U+1F4D2 (glyph_id=714)
[DEBUG]   Would copy glyph: U+1F301 (glyph_id=249)
[DEBUG]   Would copy glyph: U+1F9C3 (glyph_id=1278)
[DEBUG]   Would copy glyph: U+1F384 (glyph_id=379)
[DEBUG]   Would copy glyph: U+1F381 (glyph_id=376)
[DEBUG]   Would copy glyph: U+1F9E4 (glyph_id=1311)
[DEBUG]   Would copy glyph: U+1F521 (glyph_id=791)
[DEBUG]   Would copy glyph: U+1F199 (glyph_id=205)
[DEBUG]   Would copy glyph: U+1F9E9 (glyph_id=1317)
[DEBUG]   Would copy glyph: U+1F3D1 (glyph_id=453)
[DEBUG]   Would copy glyph: U+1F971 (glyph_id=1194)
[DEBUG]   Would copy glyph: U+1F54D (glyph_id=824)
[DEBUG]   Would copy glyph: U+1F3B6 (glyph_id=424)
[DEBUG]   Would copy glyph: U+1F32F (glyph_id=293)
[DEBUG]   Would copy glyph: U+1F6C3 (glyph_id=1042)
[DEBUG]   Would copy glyph: U+1F965 (glyph_id=1181)
[DEBUG]   Would copy glyph: U+1F912 (glyph_id=1099)
[DEBUG]   Would copy glyph: U+1F331 (glyph_id=295)
[DEBUG]   Would copy glyph: U+1F480 (glyph_id=629)
[DEBUG]   Would copy glyph: U+231A (glyph_id=34)
[DEBUG]   Would copy glyph: U+1FAB9 (glyph_id=1396)
[DEBUG]   Would copy glyph: U+1F3FA (glyph_id=491)
[DEBUG]   Would copy glyph: U+1FA95 (glyph_id=1363)
[DEBUG]   Would copy glyph: U+1F3CA (glyph_id=446)
[DEBUG]   Would copy glyph: U+2B1C (glyph_id=183)
[DEBUG]   Would copy glyph: U+1F4DA (glyph_id=722)
[DEBUG]   Would copy glyph: U+FE830 (glyph_id=1550)
[DEBUG]   Would copy glyph: U+1F38F (glyph_id=390)
[DEBUG]   Would copy glyph: U+1F54B (glyph_id=822)
[DEBUG]   Would copy glyph: U+1F9EB (glyph_id=1319)
[DEBUG]   Would copy glyph: U+1F9C7 (glyph_id=1282)
[DEBUG]   Would copy glyph: U+26F2 (glyph_id=135)
[DEBUG]   Would copy glyph: U+E0067 (glyph_id=1525)
[DEBUG]   Would copy glyph: U+1F9A8 (glyph_id=1250)
[DEBUG]   Would copy glyph: U+1F96D (glyph_id=1190)
[DEBUG]   Would copy glyph: U+26F7 (glyph_id=139)
[DEBUG]   Would copy glyph: U+1FAD6 (glyph_id=1410)
[DEBUG]   Would copy glyph: U+1F32B (glyph_id=289)
[DEBUG]   Would copy glyph: U+2757 (glyph_id=168)
[DEBUG]   Would copy glyph: U+1F7E4 (glyph_id=1084)
[DEBUG]   Would copy glyph: U+1F3C6 (glyph_id=442)
[DEBUG]   Would copy glyph: U+1F4F4 (glyph_id=748)
[DEBUG]   Would copy glyph: U+1F5DC (glyph_id=881)
[DEBUG]   Would copy glyph: U+1F975 (glyph_id=1198)
[DEBUG]   Would copy glyph: U+1F68B (glyph_id=986)
[DEBUG]   Would copy glyph: U+1F5E3 (glyph_id=885)
[DEBUG]   Would copy glyph: U+1F4B7 (glyph_id=687)
[DEBUG]   Would copy glyph: U+1F5A5 (glyph_id=870)
[DEBUG]   Would copy glyph: U+1F3E8 (glyph_id=476)
[DEBUG]   Would copy glyph: U+1F506 (glyph_id=765)
[DEBUG]   Would copy glyph: U+1F1F1 (glyph_id=218)
[DEBUG]   Would copy glyph: U+23F2 (glyph_id=47)
[DEBUG]   Would copy glyph: U+1F343 (glyph_id=314)
[DEBUG]   Would copy glyph: U+1F3EA (glyph_id=478)
[DEBUG]   Would copy glyph: U+1F36F (glyph_id=358)
[DEBUG]   Would copy glyph: U+1FACF (glyph_id=513)
[DEBUG]   Would copy glyph: U+1F30F (glyph_id=263)
[DEBUG]   Would copy glyph: U+1F4DE (glyph_id=726)
[DEBUG]   Would copy glyph: U+1F686 (glyph_id=981)
[DEBUG]   Would copy glyph: U+1F3DA (glyph_id=462)
[DEBUG]   Would copy glyph: U+1F64A (glyph_id=969)
[DEBUG]   Would copy glyph: U+1F470 (glyph_id=613)
[DEBUG]   Would copy glyph: U+1F237 (glyph_id=242)
[DEBUG]   Would copy glyph: U+1F985 (glyph_id=1214)
[DEBUG]   Would copy glyph: U+26E9 (glyph_id=131)
[DEBUG]   Would copy glyph: U+1F644 (glyph_id=963)
[DEBUG]   Would copy glyph: U+1F340 (glyph_id=311)
[DEBUG]   Would copy glyph: U+1F360 (glyph_id=343)
[DEBUG]   Would copy glyph: U+1F559 (glyph_id=836)
[DEBUG]   Would copy glyph: U+1F646 (glyph_id=965)
[DEBUG]   Would copy glyph: U+1F37E (glyph_id=373)
[DEBUG]   Would copy glyph: U+1F23A (glyph_id=245)
[DEBUG]   Would copy glyph: U+1F193 (glyph_id=199)
[DEBUG]   Would copy glyph: U+1F6BF (glyph_id=1038)
[DEBUG]   Would copy glyph: U+1F3D7 (glyph_id=459)
[DEBUG]   Would copy glyph: U+1F45C (glyph_id=593)
[DEBUG]   Would copy glyph: U+1F46D (glyph_id=610)
[DEBUG]   Would copy glyph: U+1F410 (glyph_id=515)
[DEBUG]   Would copy glyph: U+1F509 (glyph_id=768)
[DEBUG]   Would copy glyph: U+1F692 (glyph_id=993)
[DEBUG]   Would copy glyph: U+1F922 (glyph_id=1115)
[DEBUG]   Would copy glyph: U+1F195 (glyph_id=201)
[DEBUG]   Would copy glyph: U+1F4AE (glyph_id=678)
[DEBUG]   Would copy glyph: U+FE4EB (glyph_id=1691)
[DEBUG]   Would copy glyph: U+1F99B (glyph_id=1237)
[DEBUG]   Would copy glyph: U+1FAE4 (glyph_id=1418)
[DEBUG]   Would copy glyph: U+1FAA8 (glyph_id=1382)
[DEBUG]   Would copy glyph: U+1F52D (glyph_id=803)
[DEBUG]   Would copy glyph: U+1F46E (glyph_id=611)
[DEBUG]   Would copy glyph: U+1F3A2 (glyph_id=404)
[DEBUG]   Would copy glyph: U+1F57A (glyph_id=860)
[DEBUG]   Would copy glyph: U+1F9FC (glyph_id=1336)
[DEBUG]   Would copy glyph: U+1F958 (glyph_id=1168)
[DEBUG]   Would copy glyph: U+1F6FA (glyph_id=1077)
[DEBUG]   Would copy glyph: U+1F46F (glyph_id=612)
[DEBUG]   Would copy glyph: U+1F95E (glyph_id=1174)
[DEBUG]   Would copy glyph: U+1F91E (glyph_id=1111)
[DEBUG]   Would copy glyph: U+1F420 (glyph_id=531)
[DEBUG]   Would copy glyph: U+1F9BB (glyph_id=1270)
[DEBUG]   Would copy glyph: U+1F32E (glyph_id=292)
[DEBUG]   Would copy glyph: U+1F96B (glyph_id=1188)
[DEBUG]   Would copy glyph: U+1F551 (glyph_id=828)
[DEBUG]   Would copy glyph: U+1F6FB (glyph_id=1078)
[DEBUG]   Would copy glyph: U+1F6AE (glyph_id=1021)
[DEBUG]   Would copy glyph: U+1F53B (glyph_id=817)
[DEBUG]   Would copy glyph: U+1F9EA (glyph_id=1318)
[DEBUG]   Would copy glyph: U+E0073 (glyph_id=1537)
[DEBUG]   Would copy glyph: U+1F4A4 (glyph_id=668)
[DEBUG]   Would copy glyph: U+1F48E (glyph_id=643)
[DEBUG]   Would copy glyph: U+1F36C (glyph_id=355)
[DEBUG]   Would copy glyph: U+1F6A9 (glyph_id=1016)
[DEBUG]   Would copy glyph: U+1F6D0 (glyph_id=1051)
[DEBUG]   Would copy glyph: U+1F9E8 (glyph_id=1316)
[DEBUG]   Would copy glyph: U+1F4F7 (glyph_id=751)
[DEBUG]   Would copy glyph: U+1F46B (glyph_id=608)
[DEBUG]   Would copy glyph: U+1FAAA (glyph_id=1384)
[DEBUG]   Would copy glyph: U+1F694 (glyph_id=995)
[DEBUG]   Would copy glyph: U+1F64D (glyph_id=972)
[DEBUG]   Would copy glyph: U+1F485 (glyph_id=634)
[DEBUG]   Would copy glyph: U+1F403 (glyph_id=500)
[DEBUG]   Would copy glyph: U+1F91B (glyph_id=1108)
[DEBUG]   Would copy glyph: U+26C4 (glyph_id=123)
[DEBUG]   Would copy glyph: U+1F910 (glyph_id=1097)
[DEBUG]   Would copy glyph: U+26F9 (glyph_id=141)
[DEBUG]   Would copy glyph: U+1F518 (glyph_id=783)
[DEBUG]   Would copy glyph: U+1F4A9 (glyph_id=673)
[DEBUG]   Would copy glyph: U+1F36B (glyph_id=354)
[DEBUG]   Would copy glyph: U+1F40A (glyph_id=507)
[DEBUG]   Would copy glyph: U+1F99D (glyph_id=1239)
[DEBUG]   Would copy glyph: U+1F453 (glyph_id=584)
[DEBUG]   Would copy glyph: U+1F64E (glyph_id=973)
[DEBUG]   Would copy glyph: U+1F51B (glyph_id=786)
[DEBUG]   Would copy glyph: U+1F6AD (glyph_id=1020)
[DEBUG]   Would copy glyph: U+1F333 (glyph_id=297)
[DEBUG]   Would copy glyph: U+1F4CE (glyph_id=710)
[DEBUG]   Would copy glyph: U+1F972 (glyph_id=1195)
[DEBUG]   Would copy glyph: U+1F53A (glyph_id=816)
[DEBUG]   Would copy glyph: U+1F31E (glyph_id=278)
[DEBUG]   Would copy glyph: U+1FABD (glyph_id=1257)
[DEBUG]   Would copy glyph: U+1F440 (glyph_id=565)
[DEBUG]   Would copy glyph: U+1F4B4 (glyph_id=684)
[DEBUG]   Would copy glyph: U+1F932 (glyph_id=1131)
[DEBUG]   Would copy glyph: U+1F194 (glyph_id=200)
[DEBUG]   Would copy glyph: U+1F378 (glyph_id=367)
[DEBUG]   Would copy glyph: U+1F4A2 (glyph_id=666)
[DEBUG]   Would copy glyph: U+23FA (glyph_id=51)
[DEBUG]   Would copy glyph: U+1F681 (glyph_id=976)
[DEBUG]   Would copy glyph: U+1F47A (glyph_id=623)
[DEBUG]   Would copy glyph: U+1F516 (glyph_id=781)
[DEBUG]   Would copy glyph: U+1F354 (glyph_id=331)
[DEBUG]   Would copy glyph: U+1F41A (glyph_id=525)
[DEBUG]   Would copy glyph: U+1F465 (glyph_id=602)
[DEBUG]   Would copy glyph: U+1F412 (glyph_id=517)
[DEBUG]   Would copy glyph: U+1F6AC (glyph_id=1019)
[DEBUG]   Would copy glyph: U+1F1F5 (glyph_id=222)
[DEBUG]   Would copy glyph: U+1F94A (glyph_id=1153)
[DEBUG]   Would copy glyph: U+1F38B (glyph_id=386)
[DEBUG]   Would copy glyph: U+1F9F4 (glyph_id=1328)
[DEBUG]   Would copy glyph: U+1FADC (glyph_id=1879)
[DEBUG]   Would copy glyph: U+1F4BF (glyph_id=695)
[DEBUG]   Would copy glyph: U+1F925 (glyph_id=1118)
[DEBUG]   Would copy glyph: U+1FA94 (glyph_id=1362)
[DEBUG]   Would copy glyph: U+1F4AA (glyph_id=674)
[DEBUG]   Would copy glyph: U+26FA (glyph_id=142)
[DEBUG]   Would copy glyph: U+1F9EC (glyph_id=1320)
[DEBUG]   Would copy glyph: U+2935 (glyph_id=178)
[DEBUG]   Would copy glyph: U+1FA76 (glyph_id=658)
[DEBUG]   Would copy glyph: U+1F64F (glyph_id=974)
[DEBUG]   Would copy glyph: U+1F4F6 (glyph_id=750)
[DEBUG]   Would copy glyph: U+23F8 (glyph_id=49)
[DEBUG]   Would copy glyph: U+23E9 (glyph_id=38)
[DEBUG]   Would copy glyph: U+23EE (glyph_id=43)
[DEBUG]   Would copy glyph: U+1F987 (glyph_id=1216)
[DEBUG]   Would copy glyph: U+1F933 (glyph_id=1132)
[DEBUG]   Would copy glyph: U+1FA9C (glyph_id=1370)
[DEBUG]   Would copy glyph: U+1F997 (glyph_id=1233)
[DEBUG]   Would copy glyph: U+1F98C (glyph_id=1221)
[DEBUG]   Would copy glyph: U+1F5FE (glyph_id=893)
[DEBUG]   Would copy glyph: U+1F42C (glyph_id=545)
[DEBUG]   Would copy glyph: U+E0037 (glyph_id=1516)
[DEBUG]   Would copy glyph: U+1FAE8 (glyph_id=1420)
[DEBUG]   Would copy glyph: U+1F192 (glyph_id=198)
[DEBUG]   Would copy glyph: U+1F50F (glyph_id=774)
[DEBUG]   Would copy glyph: U+270B (glyph_id=149)
[DEBUG]   Would copy glyph: U+1F693 (glyph_id=994)
[DEBUG]   Would copy glyph: U+1F4C2 (glyph_id=698)
[DEBUG]   Would copy glyph: U+1F4CD (glyph_id=709)
[DEBUG]   Would copy glyph: U+1FAA3 (glyph_id=1377)
[DEBUG]   Would copy glyph: U+1F9A5 (glyph_id=1247)
[DEBUG]   Would copy glyph: U+E0036 (glyph_id=1515)
[DEBUG]   Would copy glyph: U+1F49D (glyph_id=661)
[DEBUG]   Would copy glyph: U+1F197 (glyph_id=203)
[DEBUG]   Would copy glyph: U+1F4BA (glyph_id=690)
[DEBUG]   Would copy glyph: U+1F459 (glyph_id=590)
[DEBUG]   Would copy glyph: U+1F515 (glyph_id=780)
[DEBUG]   Would copy glyph: U+1F5D3 (glyph_id=880)
[DEBUG]   Would copy glyph: U+FE82C (glyph_id=1546)
[DEBUG]   Would copy glyph: U+1F35F (glyph_id=342)
[DEBUG]   Would copy glyph: U+1F3B1 (glyph_id=419)
[DEBUG]   Would copy glyph: U+1F335 (glyph_id=299)
[DEBUG]   Would copy glyph: U+1F191 (glyph_id=197)
[DEBUG]   Would copy glyph: U+1F369 (glyph_id=352)
[DEBUG]   Would copy glyph: U+1F473 (glyph_id=616)
[DEBUG]   Would copy glyph: U+E0076 (glyph_id=1540)
[DEBUG]   Would copy glyph: U+1F350 (glyph_id=327)
[DEBUG]   Would copy glyph: U+1F32C (glyph_id=290)
[DEBUG]   Would copy glyph: U+1F380 (glyph_id=375)
[DEBUG]   Would copy glyph: U+1F6A1 (glyph_id=1008)
[DEBUG]   Would copy glyph: U+E0069 (glyph_id=1527)
[DEBUG]   Would copy glyph: U+1F6F5 (glyph_id=1072)
[DEBUG]   Would copy glyph: U+1FABF (glyph_id=540)
[DEBUG]   Would copy glyph: U+1F688 (glyph_id=983)
[DEBUG]   Would copy glyph: U+1F48D (glyph_id=642)
[DEBUG]   Would copy glyph: U+1F51A (glyph_id=785)
[DEBUG]   Would copy glyph: U+1F55C (glyph_id=839)
[DEBUG]   Would copy glyph: U+1F989 (glyph_id=1218)
[DEBUG]   Would copy glyph: U+1F436 (glyph_id=555)
[DEBUG]   Would copy glyph: U+2754 (glyph_id=166)
[DEBUG]   Would copy glyph: U+1F3B5 (glyph_id=423)
[DEBUG]   Would copy glyph: U+1FACD (glyph_id=1895)
[DEBUG]   Would copy glyph: U+1F9B1 (glyph_id=1260)
[DEBUG]   Would copy glyph: U+1F6EB (glyph_id=1067)
[DEBUG]   Would copy glyph: U+1F94F (glyph_id=1158)
[DEBUG]   Would copy glyph: U+1F35C (glyph_id=339)
[DEBUG]   Would copy glyph: U+1F984 (glyph_id=1213)
[DEBUG]   Would copy glyph: U+1F937 (glyph_id=1136)
[DEBUG]   Would copy glyph: U+1F1E8 (glyph_id=209)
[DEBUG]   Would copy glyph: U+1F50E (glyph_id=773)
[DEBUG]   Would copy glyph: U+24C2 (glyph_id=52)
[DEBUG]   Would copy glyph: U+1FAAB (glyph_id=1385)
[DEBUG]   Would copy glyph: U+1FA7C (glyph_id=1349)
[DEBUG]   Would copy glyph: U+1F486 (glyph_id=635)
[DEBUG]   Would copy glyph: U+1F52B (glyph_id=801)
[DEBUG]   Would copy glyph: U+1F9A9 (glyph_id=1251)
[DEBUG]   Would copy glyph: U+1F991 (glyph_id=1226)
[DEBUG]   Would copy glyph: U+1F22F (glyph_id=236)
[DEBUG]   Would copy glyph: U+1F3D4 (glyph_id=456)
[DEBUG]   Would copy glyph: U+1F4C0 (glyph_id=696)
[DEBUG]   Would copy glyph: U+1F444 (glyph_id=569)
[DEBUG]   Would copy glyph: U+1F7E0 (glyph_id=1080)
[DEBUG]   Would copy glyph: U+1F7E1 (glyph_id=1081)
[DEBUG]   Would copy glyph: U+1F9ED (glyph_id=1321)
[DEBUG]   Would copy glyph: U+26F0 (glyph_id=133)
[DEBUG]   Would copy glyph: U+1F936 (glyph_id=1135)
[DEBUG]   Would copy glyph: U+1F552 (glyph_id=829)
[DEBUG]   Would copy glyph: U+1F992 (glyph_id=1227)
[DEBUG]   Would copy glyph: U+1F9D3 (glyph_id=1294)
[DEBUG]   Would copy glyph: U+1F9BE (glyph_id=1273)
[DEBUG]   Would copy glyph: U+1FACE (glyph_id=1229)
[DEBUG]   Would copy glyph: U+E0032 (glyph_id=1511)
[DEBUG]   Would copy glyph: U+1F3CD (glyph_id=449)
[DEBUG]   Would copy glyph: U+1F5C4 (glyph_id=877)
[DEBUG]   Would copy glyph: U+1F3B3 (glyph_id=421)
[DEBUG]   Would copy glyph: U+1F9C5 (glyph_id=1280)
[DEBUG]   Would copy glyph: U+1F512 (glyph_id=777)
[DEBUG]   Would copy glyph: U+1F9CE (glyph_id=1289)
[DEBUG]   Would copy glyph: U+1F90C (glyph_id=1093)
[DEBUG]   Would copy glyph: U+1F4D9 (glyph_id=721)
[DEBUG]   Would copy glyph: U+1F6BA (glyph_id=1033)
[DEBUG]   Would copy glyph: U+1F90D (glyph_id=1094)
[DEBUG]   Would copy glyph: U+1F4D7 (glyph_id=719)
[DEBUG]   Would copy glyph: U+1F5D2 (glyph_id=879)
[DEBUG]   Would copy glyph: U+1F9DE (glyph_id=1305)
[DEBUG]   Would copy glyph: U+1F37A (glyph_id=369)
[DEBUG]   Would copy glyph: U+1F337 (glyph_id=301)
[DEBUG]   Would copy glyph: U+1F9C8 (glyph_id=1283)
[DEBUG]   Would copy glyph: U+26BE (glyph_id=122)
[DEBUG]   Would copy glyph: U+1FA77 (glyph_id=659)
[DEBUG]   Would copy glyph: U+1F522 (glyph_id=792)
[DEBUG]   Would copy glyph: U+1F6BB (glyph_id=1034)
[DEBUG]   Would copy glyph: U+1F934 (glyph_id=1133)
[DEBUG]   Would copy glyph: U+1F44E (glyph_id=579)
[DEBUG]   Would copy glyph: U+1F4C5 (glyph_id=701)
[DEBUG]   Would copy glyph: U+1F446 (glyph_id=571)
[DEBUG]   Would copy glyph: U+1F1FC (glyph_id=229)
[DEBUG]   Would copy glyph: U+1FA9A (glyph_id=1368)
[DEBUG]   Would copy glyph: U+1F3D2 (glyph_id=454)
[DEBUG]   Would copy glyph: U+1F558 (glyph_id=835)
[DEBUG]   Would copy glyph: U+1F961 (glyph_id=1177)
[DEBUG]   Would copy glyph: U+1F407 (glyph_id=504)
[DEBUG]   Would copy glyph: U+1F352 (glyph_id=329)
[DEBUG]   Would copy glyph: U+1F463 (glyph_id=600)
[DEBUG]   Would copy glyph: U+1F439 (glyph_id=558)
[DEBUG]   Would copy glyph: U+2797 (glyph_id=173)
[DEBUG]   Would copy glyph: U+1F507 (glyph_id=766)
[DEBUG]   Would copy glyph: U+1F530 (glyph_id=806)
[DEBUG]   Would copy glyph: U+1F30D (glyph_id=261)
[DEBUG]   Would copy glyph: U+1F452 (glyph_id=583)
[DEBUG]   Would copy glyph: U+1F9AF (glyph_id=1258)
[DEBUG]   Would copy glyph: U+1F539 (glyph_id=815)
[DEBUG]   Would copy glyph: U+1F91A (glyph_id=1107)
[DEBUG]   Would copy glyph: U+1F004 (glyph_id=190)
[DEBUG]   Would copy glyph: U+1F1F7 (glyph_id=224)
[DEBUG]   Would copy glyph: U+1F6AA (glyph_id=1017)
[DEBUG]   Would copy glyph: U+1F549 (glyph_id=820)
[DEBUG]   Would copy glyph: U+1F17E (glyph_id=194)
[DEBUG]   Would copy glyph: U+FE4E8 (glyph_id=1678)
[DEBUG]   Would copy glyph: U+1F235 (glyph_id=240)
[DEBUG]   Would copy glyph: U+1F4D0 (glyph_id=712)
[DEBUG]   Would copy glyph: U+1F9DB (glyph_id=1302)
[DEBUG]   Would copy glyph: U+1F6C2 (glyph_id=1041)
[DEBUG]   Would copy glyph: U+1F587 (glyph_id=861)
[DEBUG]   Would copy glyph: U+1F460 (glyph_id=597)
[DEBUG]   Would copy glyph: U+FE4ED (glyph_id=1671)
[DEBUG]   Would copy glyph: U+1F95D (glyph_id=1173)
[DEBUG]   Would copy glyph: U+1F996 (glyph_id=1232)
[DEBUG]   Would copy glyph: U+FE836 (glyph_id=1556)
[DEBUG]   Would copy glyph: U+1F9B7 (glyph_id=1266)
[DEBUG]   Would copy glyph: U+1F479 (glyph_id=622)
[DEBUG]   Would copy glyph: U+1F233 (glyph_id=238)
[DEBUG]   Would copy glyph: U+1F6F4 (glyph_id=1071)
[DEBUG]   Would copy glyph: U+1F34A (glyph_id=321)
[DEBUG]   Would copy glyph: U+1F9A4 (glyph_id=1246)
[DEBUG]   Would copy glyph: U+1F418 (glyph_id=523)
[DEBUG]   Would copy glyph: U+26FD (glyph_id=143)
[DEBUG]   Would copy glyph: U+1F393 (glyph_id=394)
[DEBUG]   Would copy glyph: U+1F4FC (glyph_id=756)
[DEBUG]   Would copy glyph: U+1F684 (glyph_id=979)
[DEBUG]   Would copy glyph: U+000D (glyph_id=2)
[DEBUG]   Would copy glyph: U+1F388 (glyph_id=383)
[DEBUG]   Would copy glyph: U+1FAA0 (glyph_id=1374)
[DEBUG]   Would copy glyph: U+1F959 (glyph_id=1169)
[DEBUG]   Would copy glyph: U+E006C (glyph_id=1530)
[DEBUG]   Would copy glyph: U+1F504 (glyph_id=763)
[DEBUG]   Would copy glyph: U+1F4AB (glyph_id=675)
[DEBUG]   Would copy glyph: U+1F924 (glyph_id=1117)
[DEBUG]   Would copy glyph: U+1F699 (glyph_id=1000)
[DEBUG]   Would copy glyph: U+1F6E1 (glyph_id=1061)
[DEBUG]   Would copy glyph: U+1F9FA (glyph_id=1334)
[DEBUG]   Would copy glyph: U+1F44F (glyph_id=580)
[DEBUG]   Would copy glyph: U+E006F (glyph_id=1533)
[DEBUG]   Would copy glyph: U+1F3E9 (glyph_id=477)
[DEBUG]   Would copy glyph: U+1FA9E (glyph_id=1372)
[DEBUG]   Would copy glyph: U+1F9D4 (glyph_id=1295)
[DEBUG]   Would copy glyph: U+1F238 (glyph_id=243)
[DEBUG]   Would copy glyph: U+1F6B5 (glyph_id=1028)
[DEBUG]   Would copy glyph: U+1F30E (glyph_id=262)
[DEBUG]   Would copy glyph: U+1F4DF (glyph_id=727)
[DEBUG]   Would copy glyph: U+1F487 (glyph_id=636)
[DEBUG]   Would copy glyph: U+1F6DC (glyph_id=1044)
[DEBUG]   Would copy glyph: U+1F4C3 (glyph_id=699)
[DEBUG]   Would copy glyph: U+1F4D6 (glyph_id=718)
[DEBUG]   Would copy glyph: U+1FAA7 (glyph_id=1381)
[DEBUG]   Would copy glyph: U+1F942 (glyph_id=1146)
[DEBUG]   Would copy glyph: U+1F1E6 (glyph_id=207)
[DEBUG]   Would copy glyph: U+1FAAD (glyph_id=1314)
[DEBUG]   Would copy glyph: U+1F949 (glyph_id=1152)
[DEBUG]   Would copy glyph: U+1F3A0 (glyph_id=402)
[DEBUG]   Would copy glyph: U+1F170 (glyph_id=192)
[DEBUG]   Would copy glyph: U+1FA98 (glyph_id=1366)
[DEBUG]   Would copy glyph: U+1F5FB (glyph_id=890)
[DEBUG]   Would copy glyph: U+1F9DC (glyph_id=1303)
[DEBUG]   Would copy glyph: U+1F3C0 (glyph_id=436)
[DEBUG]   Would copy glyph: U+1F358 (glyph_id=335)
[DEBUG]   Would copy glyph: U+1F58A (glyph_id=862)
[DEBUG]   Would copy glyph: U+1FAE7 (glyph_id=1422)
[DEBUG]   Would copy glyph: U+1F3BB (glyph_id=430)
[DEBUG]   Would copy glyph: U+1F41B (glyph_id=526)
[DEBUG]   Would copy glyph: U+1F467 (glyph_id=604)
[DEBUG]   Would copy glyph: U+1FAE0 (glyph_id=1414)
[DEBUG]   Would copy glyph: U+1F5FD (glyph_id=892)
[DEBUG]   Would copy glyph: U+1F50D (glyph_id=772)
[DEBUG]   Would copy glyph: U+1F6B4 (glyph_id=1027)
[DEBUG]   Would copy glyph: U+1F43D (glyph_id=562)
[DEBUG]   Would copy glyph: U+1F58B (glyph_id=863)
[DEBUG]   Would copy glyph: U+1F983 (glyph_id=1212)
[DEBUG]   Would copy glyph: U+1F95F (glyph_id=1175)
[DEBUG]   Would copy glyph: U+1F48F (glyph_id=644)
[DEBUG]   Would copy glyph: U+1F921 (glyph_id=1114)
[DEBUG]   Would copy glyph: U+1F3B7 (glyph_id=426)
[DEBUG]   Would copy glyph: U+1F9E3 (glyph_id=1310)
[DEBUG]   Would copy glyph: U+1F6DE (glyph_id=1058)
[DEBUG]   Would copy glyph: U+1FADA (glyph_id=1165)
[DEBUG]   Would copy glyph: U+1F550 (glyph_id=827)
[DEBUG]   Would copy glyph: U+1F3FB (glyph_id=492)
[DEBUG]   Would copy glyph: U+1F9CF (glyph_id=1290)
[DEBUG]   Would copy glyph: U+1F980 (glyph_id=1209)
[DEBUG]   Would copy glyph: U+1FABE (glyph_id=1880)
[DEBUG]   Would copy glyph: U+1F511 (glyph_id=776)
[DEBUG]   Would copy glyph: U+1F689 (glyph_id=984)
[DEBUG]   Would copy glyph: U+1F3A3 (glyph_id=405)
[DEBUG]   Would copy glyph: U+1FAB2 (glyph_id=1389)
[DEBUG]   Would copy glyph: U+1F6D6 (glyph_id=1055)
[DEBUG]   Would copy glyph: U+1F6DD (glyph_id=1057)
[DEBUG]   Would copy glyph: U+1F397 (glyph_id=396)
[DEBUG]   Would copy glyph: U+1F51E (glyph_id=789)
[DEBUG]   Would copy glyph: U+1F962 (glyph_id=1178)
[DEBUG]   Would copy glyph: U+1F30A (glyph_id=258)
[DEBUG]   Would copy glyph: U+1F41C (glyph_id=527)
[DEBUG]   Would copy glyph: U+1F1F2 (glyph_id=219)
[DEBUG]   Would copy glyph: U+1F951 (glyph_id=1160)
[DEBUG]   Would copy glyph: U+1F4EC (glyph_id=740)
[DEBUG]   Would copy glyph: U+1F995 (glyph_id=1231)
[DEBUG]   Would copy glyph: U+1F6F0 (glyph_id=1069)
[DEBUG]   Would copy glyph: U+1FAB7 (glyph_id=1394)
[DEBUG]   Would copy glyph: U+1F437 (glyph_id=556)
[DEBUG]   Would copy glyph: U+1F642 (glyph_id=961)
[DEBUG]   Would copy glyph: U+1F6E0 (glyph_id=1060)
[DEBUG]   Would copy glyph: U+1F336 (glyph_id=300)
[DEBUG]   Would copy glyph: U+1F50A (glyph_id=769)
[DEBUG]   Would copy glyph: U+1FAF0 (glyph_id=1423)
[DEBUG]   Would copy glyph: U+1FAAC (glyph_id=1386)
[DEBUG]   Would copy glyph: U+1F7F0 (glyph_id=1092)
[DEBUG]   Would copy glyph: U+E0030 (glyph_id=1509)
[DEBUG]   Would copy glyph: U+1F9C4 (glyph_id=1279)
[DEBUG]   Would copy glyph: U+1FA75 (glyph_id=660)
[INFO] Glyph copy process completed. 1305 glyphs have been copied.
[DEBUG] Writing extended font to: "t.ttf"
[INFO] Extended font written to: "t.ttf"
[INFO] Font extension completed successfully
